[ 2017-03-04T06:56:21+08:00 ] 162.158.58.180 /Qwadmin/login/index.html
INFO: [ app_init ] --START--
INFO: Run Behavior\BuildLiteBehavior [ RunTime:0.000011s ]
INFO: [ app_init ] --END-- [ RunTime:0.000265s ]
INFO: [ app_begin ] --START--
INFO: Run Behavior\ReadHtmlCacheBehavior [ RunTime:0.000369s ]
INFO: [ app_begin ] --END-- [ RunTime:0.000406s ]
NOTIC: [8] A session had already been started - ignoring session_start() /www/web/qwadmin/App/Qwadmin/Controller/ComController.class.php 第 112 行.
INFO: [ view_parse ] --START--
INFO: [ template_filter ] --START--
INFO: Run Behavior\ContentReplaceBehavior [ RunTime:0.000039s ]
INFO: [ template_filter ] --END-- [ RunTime:0.000077s ]
NOTIC: [8] Undefined variable: current /www/web/qwadmin/App/Runtime/Cache/Qwadmin/3ec037c4eac547117970073708a020a7.php 第 6 行.
INFO: Run Behavior\ParseTemplateBehavior [ RunTime:0.005622s ]
INFO: [ view_parse ] --END-- [ RunTime:0.005654s ]
INFO: [ view_filter ] --START--
INFO: Run Behavior\WriteHtmlCacheBehavior [ RunTime:0.000123s ]
INFO: [ view_filter ] --END-- [ RunTime:0.000151s ]
INFO: [ app_end ] --START--
INFO: Run Behavior\ShowPageTraceBehavior [ RunTime:0.000366s ]
INFO: [ app_end ] --END-- [ RunTime:0.000407s ]

[ 2017-03-04T06:56:24+08:00 ] 162.158.58.180 /Qwadmin/login/verify.html
INFO: [ app_init ] --START--
INFO: Run Behavior\BuildLiteBehavior [ RunTime:0.000012s ]
INFO: [ app_init ] --END-- [ RunTime:0.000281s ]
INFO: [ app_begin ] --START--
INFO: Run Behavior\ReadHtmlCacheBehavior [ RunTime:0.000320s ]
INFO: [ app_begin ] --END-- [ RunTime:0.000375s ]
INFO: [ app_end ] --START--
INFO: Run Behavior\ShowPageTraceBehavior [ RunTime:0.000406s ]
INFO: [ app_end ] --END-- [ RunTime:0.000448s ]

[ 2017-03-04T06:56:52+08:00 ] 162.158.58.180 /Qwadmin/login/login.html
INFO: [ app_init ] --START--
INFO: Run Behavior\BuildLiteBehavior [ RunTime:0.000011s ]
INFO: [ app_init ] --END-- [ RunTime:0.000292s ]
INFO: [ app_begin ] --START--
INFO: Run Behavior\ReadHtmlCacheBehavior [ RunTime:0.000353s ]
INFO: [ app_begin ] --END-- [ RunTime:0.000393s ]
SQL: SHOW COLUMNS FROM `qw_member` [ RunTime:0.0005s ]
SQL: SELECT `uid`,`user` FROM `qw_member` WHERE `user` = 'admin' AND `password` = '66d6a1c8748025462128dc75bf5ae8d1' LIMIT 1   [ RunTime:0.0001s ]
NOTIC: [8] A session had already been started - ignoring session_start() /www/web/qwadmin/App/Qwadmin/Controller/LoginController.class.php 第 51 行.
SQL: SHOW COLUMNS FROM `qw_log` [ RunTime:0.0004s ]
NOTIC: [8] A session had already been started - ignoring session_start() /www/web/qwadmin/App/Qwadmin/Common/function.php 第 12 行.
SQL: SHOW COLUMNS FROM `qw_member` [ RunTime:0.0003s ]
SQL: SELECT `user` FROM `qw_member` WHERE `uid` = 1 LIMIT 1   [ RunTime:0.0001s ]
SQL: INSERT INTO `qw_log` (`name`,`t`,`ip`,`log`) VALUES ('admin','1488581812','162.158.58.180','登录成功。') [ RunTime:0.0002s ]

[ 2017-03-04T06:56:53+08:00 ] 162.158.58.180 /Qwadmin/index/index.html
INFO: [ app_init ] --START--
INFO: Run Behavior\BuildLiteBehavior [ RunTime:0.000011s ]
INFO: [ app_init ] --END-- [ RunTime:0.000263s ]
INFO: [ app_begin ] --START--
INFO: Run Behavior\ReadHtmlCacheBehavior [ RunTime:0.000370s ]
INFO: [ app_begin ] --END-- [ RunTime:0.000409s ]
NOTIC: [8] A session had already been started - ignoring session_start() /www/web/qwadmin/App/Qwadmin/Controller/ComController.class.php 第 112 行.
SQL: SHOW COLUMNS FROM `qw_member` [ RunTime:0.0005s ]
SQL: SELECT * FROM `qw_member` WHERE `uid` = 1 LIMIT 1   [ RunTime:0.0001s ]
SQL: SELECT * FROM qw_auth_group g left join qw_auth_group_access a on g.id=a.group_id where a.uid=1 [ RunTime:0.0001s ]
SQL: SHOW COLUMNS FROM `qw_member` [ RunTime:0.0003s ]
SQL: SELECT * FROM `qw_member` WHERE `uid` = 1 LIMIT 1   [ RunTime:0.0001s ]
SQL: SELECT s.id,s.title,s.name,s.tips,s.pid,p.pid as ppid,p.title as ptitle FROM qw_auth_rule s left join qw_auth_rule p on p.id=s.pid where s.name='Index/index' [ RunTime:0.0001s ]
SQL: SHOW COLUMNS FROM `qw_auth_rule` [ RunTime:0.0003s ]
SQL: SELECT `id`,`title`,`pid`,`name`,`icon` FROM `qw_auth_rule` WHERE ( islink=1   ) ORDER BY o ASC  [ RunTime:0.0001s ]
SQL: select VERSION() as mysql [ RunTime:0.0001s ]
SQL: SHOW COLUMNS FROM `qw_log` [ RunTime:0.0003s ]
SQL: DELETE FROM `qw_log` WHERE ( t < 1483397813 ) [ RunTime:0.0001s ]
SQL: SELECT COUNT(*) AS tp_count FROM `qw_log` LIMIT 1   [ RunTime:0.0001s ]
SQL: SELECT * FROM `qw_log` ORDER BY id desc LIMIT 0,25   [ RunTime:0.0003s ]
INFO: [ view_parse ] --START--
INFO: [ template_filter ] --START--
INFO: Run Behavior\ContentReplaceBehavior [ RunTime:0.000098s ]
INFO: [ template_filter ] --END-- [ RunTime:0.000143s ]
INFO: Run Behavior\ParseTemplateBehavior [ RunTime:0.245074s ]
INFO: [ view_parse ] --END-- [ RunTime:0.245135s ]
INFO: [ view_filter ] --START--
INFO: Run Behavior\WriteHtmlCacheBehavior [ RunTime:0.000264s ]
INFO: [ view_filter ] --END-- [ RunTime:0.000306s ]
INFO: [ app_end ] --START--
INFO: Run Behavior\ShowPageTraceBehavior [ RunTime:0.000463s ]
INFO: [ app_end ] --END-- [ RunTime:0.000505s ]

[ 2017-03-04T06:57:12+08:00 ] 162.158.58.180 /Qwadmin/weather
INFO: [ app_init ] --START--
INFO: Run Behavior\BuildLiteBehavior [ RunTime:0.000012s ]
INFO: [ app_init ] --END-- [ RunTime:0.000294s ]
INFO: [ app_begin ] --START--
INFO: Run Behavior\ReadHtmlCacheBehavior [ RunTime:0.000361s ]
INFO: [ app_begin ] --END-- [ RunTime:0.000397s ]
NOTIC: [8] A session had already been started - ignoring session_start() /www/web/qwadmin/App/Qwadmin/Controller/ComController.class.php 第 112 行.
SQL: SHOW COLUMNS FROM `qw_member` [ RunTime:0.0005s ]
SQL: SELECT * FROM `qw_member` WHERE `uid` = 1 LIMIT 1   [ RunTime:0.0001s ]
SQL: SELECT * FROM qw_auth_group g left join qw_auth_group_access a on g.id=a.group_id where a.uid=1 [ RunTime:0.0001s ]
SQL: SHOW COLUMNS FROM `qw_member` [ RunTime:0.0004s ]
SQL: SELECT * FROM `qw_member` WHERE `uid` = 1 LIMIT 1   [ RunTime:0.0001s ]
SQL: SELECT s.id,s.title,s.name,s.tips,s.pid,p.pid as ppid,p.title as ptitle FROM qw_auth_rule s left join qw_auth_rule p on p.id=s.pid where s.name='Weather/index' [ RunTime:0.0001s ]
NOTIC: [8] Undefined offset: 0 /www/web/qwadmin/App/Qwadmin/Controller/ComController.class.php 第 61 行.
SQL: SHOW COLUMNS FROM `qw_auth_rule` [ RunTime:0.0003s ]
SQL: SELECT `id`,`title`,`pid`,`name`,`icon` FROM `qw_auth_rule` WHERE ( islink=1   ) ORDER BY o ASC  [ RunTime:0.0001s ]
INFO: [ app_end ] --START--
INFO: Run Behavior\ShowPageTraceBehavior [ RunTime:0.000638s ]
INFO: [ app_end ] --END-- [ RunTime:0.000713s ]

[ 2017-03-04T06:57:14+08:00 ] 162.158.58.180 /Qwadmin/Index/index/p/2.html
INFO: [ app_init ] --START--
INFO: Run Behavior\BuildLiteBehavior [ RunTime:0.000033s ]
INFO: [ app_init ] --END-- [ RunTime:0.000291s ]
INFO: [ app_begin ] --START--
INFO: Run Behavior\ReadHtmlCacheBehavior [ RunTime:0.000318s ]
INFO: [ app_begin ] --END-- [ RunTime:0.000357s ]
NOTIC: [8] A session had already been started - ignoring session_start() /www/web/qwadmin/App/Qwadmin/Controller/ComController.class.php 第 112 行.
SQL: SHOW COLUMNS FROM `qw_member` [ RunTime:0.0005s ]
SQL: SELECT * FROM `qw_member` WHERE `uid` = 1 LIMIT 1   [ RunTime:0.0001s ]
SQL: SELECT * FROM qw_auth_group g left join qw_auth_group_access a on g.id=a.group_id where a.uid=1 [ RunTime:0.0001s ]
SQL: SHOW COLUMNS FROM `qw_member` [ RunTime:0.0003s ]
SQL: SELECT * FROM `qw_member` WHERE `uid` = 1 LIMIT 1   [ RunTime:0.0001s ]
SQL: SELECT s.id,s.title,s.name,s.tips,s.pid,p.pid as ppid,p.title as ptitle FROM qw_auth_rule s left join qw_auth_rule p on p.id=s.pid where s.name='Index/index' [ RunTime:0.0001s ]
SQL: SHOW COLUMNS FROM `qw_auth_rule` [ RunTime:0.0003s ]
SQL: SELECT `id`,`title`,`pid`,`name`,`icon` FROM `qw_auth_rule` WHERE ( islink=1   ) ORDER BY o ASC  [ RunTime:0.0001s ]
SQL: select VERSION() as mysql [ RunTime:0.0001s ]
SQL: SHOW COLUMNS FROM `qw_log` [ RunTime:0.0003s ]
SQL: DELETE FROM `qw_log` WHERE ( t < 1483397834 ) [ RunTime:0.0001s ]
SQL: SELECT COUNT(*) AS tp_count FROM `qw_log` LIMIT 1   [ RunTime:0.0001s ]
SQL: SELECT * FROM `qw_log` ORDER BY id desc LIMIT 25,25   [ RunTime:0.0002s ]
INFO: [ view_parse ] --START--
INFO: [ template_filter ] --START--
INFO: Run Behavior\ContentReplaceBehavior [ RunTime:0.000099s ]
INFO: [ template_filter ] --END-- [ RunTime:0.000137s ]
INFO: Run Behavior\ParseTemplateBehavior [ RunTime:0.017462s ]
INFO: [ view_parse ] --END-- [ RunTime:0.017508s ]
INFO: [ view_filter ] --START--
INFO: Run Behavior\WriteHtmlCacheBehavior [ RunTime:0.000122s ]
INFO: [ view_filter ] --END-- [ RunTime:0.000153s ]
INFO: [ app_end ] --START--
INFO: Run Behavior\ShowPageTraceBehavior [ RunTime:0.000352s ]
INFO: [ app_end ] --END-- [ RunTime:0.000397s ]

[ 2017-03-04T06:57:15+08:00 ] 162.158.58.180 /Qwadmin/weather
INFO: [ app_init ] --START--
INFO: Run Behavior\BuildLiteBehavior [ RunTime:0.000016s ]
INFO: [ app_init ] --END-- [ RunTime:0.000290s ]
INFO: [ app_begin ] --START--
INFO: Run Behavior\ReadHtmlCacheBehavior [ RunTime:0.000346s ]
INFO: [ app_begin ] --END-- [ RunTime:0.000392s ]
NOTIC: [8] A session had already been started - ignoring session_start() /www/web/qwadmin/App/Qwadmin/Controller/ComController.class.php 第 112 行.
SQL: SHOW COLUMNS FROM `qw_member` [ RunTime:0.0005s ]
SQL: SELECT * FROM `qw_member` WHERE `uid` = 1 LIMIT 1   [ RunTime:0.0001s ]
SQL: SELECT * FROM qw_auth_group g left join qw_auth_group_access a on g.id=a.group_id where a.uid=1 [ RunTime:0.0001s ]
SQL: SHOW COLUMNS FROM `qw_member` [ RunTime:0.0003s ]
SQL: SELECT * FROM `qw_member` WHERE `uid` = 1 LIMIT 1   [ RunTime:0.0001s ]
SQL: SELECT s.id,s.title,s.name,s.tips,s.pid,p.pid as ppid,p.title as ptitle FROM qw_auth_rule s left join qw_auth_rule p on p.id=s.pid where s.name='Weather/index' [ RunTime:0.0001s ]
NOTIC: [8] Undefined offset: 0 /www/web/qwadmin/App/Qwadmin/Controller/ComController.class.php 第 61 行.
SQL: SHOW COLUMNS FROM `qw_auth_rule` [ RunTime:0.0004s ]
SQL: SELECT `id`,`title`,`pid`,`name`,`icon` FROM `qw_auth_rule` WHERE ( islink=1   ) ORDER BY o ASC  [ RunTime:0.0001s ]
INFO: [ app_end ] --START--
INFO: Run Behavior\ShowPageTraceBehavior [ RunTime:0.000544s ]
INFO: [ app_end ] --END-- [ RunTime:0.000614s ]

[ 2017-03-04T07:15:37+08:00 ] 162.158.59.235 /Qwadmin/index/index.html
INFO: [ app_init ] --START--
INFO: Run Behavior\BuildLiteBehavior [ RunTime:0.000011s ]
INFO: [ app_init ] --END-- [ RunTime:0.000256s ]
INFO: [ app_begin ] --START--
INFO: Run Behavior\ReadHtmlCacheBehavior [ RunTime:0.000318s ]
INFO: [ app_begin ] --END-- [ RunTime:0.000356s ]
NOTIC: [8] A session had already been started - ignoring session_start() /www/web/qwadmin/App/Qwadmin/Controller/ComController.class.php 第 112 行.

[ 2017-03-04T07:15:37+08:00 ] 162.158.59.247 /Qwadmin/login/index.html
INFO: [ app_init ] --START--
INFO: Run Behavior\BuildLiteBehavior [ RunTime:0.000012s ]
INFO: [ app_init ] --END-- [ RunTime:0.000272s ]
INFO: [ app_begin ] --START--
INFO: Run Behavior\ReadHtmlCacheBehavior [ RunTime:0.000336s ]
INFO: [ app_begin ] --END-- [ RunTime:0.000374s ]
NOTIC: [8] A session had already been started - ignoring session_start() /www/web/qwadmin/App/Qwadmin/Controller/ComController.class.php 第 112 行.
INFO: [ view_parse ] --START--
INFO: [ template_filter ] --START--
INFO: Run Behavior\ContentReplaceBehavior [ RunTime:0.000038s ]
INFO: [ template_filter ] --END-- [ RunTime:0.000075s ]
NOTIC: [8] Undefined variable: current /www/web/qwadmin/App/Runtime/Cache/Qwadmin/3ec037c4eac547117970073708a020a7.php 第 6 行.
INFO: Run Behavior\ParseTemplateBehavior [ RunTime:0.005652s ]
INFO: [ view_parse ] --END-- [ RunTime:0.005698s ]
INFO: [ view_filter ] --START--
INFO: Run Behavior\WriteHtmlCacheBehavior [ RunTime:0.000139s ]
INFO: [ view_filter ] --END-- [ RunTime:0.000169s ]
INFO: [ app_end ] --START--
INFO: Run Behavior\ShowPageTraceBehavior [ RunTime:0.000549s ]
INFO: [ app_end ] --END-- [ RunTime:0.000614s ]

[ 2017-03-04T07:15:38+08:00 ] 162.158.59.235 /Qwadmin/weather1
INFO: [ app_init ] --START--
INFO: Run Behavior\BuildLiteBehavior [ RunTime:0.000012s ]
INFO: [ app_init ] --END-- [ RunTime:0.000262s ]
INFO: [ app_begin ] --START--
INFO: Run Behavior\ReadHtmlCacheBehavior [ RunTime:0.000318s ]
INFO: [ app_begin ] --END-- [ RunTime:0.000356s ]
NOTIC: [8] A session had already been started - ignoring session_start() /www/web/qwadmin/App/Qwadmin/Controller/ComController.class.php 第 112 行.

[ 2017-03-04T07:15:38+08:00 ] 162.158.59.235 /Qwadmin/login/index.html
INFO: [ app_init ] --START--
INFO: Run Behavior\BuildLiteBehavior [ RunTime:0.000012s ]
INFO: [ app_init ] --END-- [ RunTime:0.000279s ]
INFO: [ app_begin ] --START--
INFO: Run Behavior\ReadHtmlCacheBehavior [ RunTime:0.000366s ]
INFO: [ app_begin ] --END-- [ RunTime:0.000412s ]
NOTIC: [8] A session had already been started - ignoring session_start() /www/web/qwadmin/App/Qwadmin/Controller/ComController.class.php 第 112 行.
INFO: [ view_parse ] --START--
INFO: [ template_filter ] --START--
INFO: Run Behavior\ContentReplaceBehavior [ RunTime:0.000038s ]
INFO: [ template_filter ] --END-- [ RunTime:0.000075s ]
NOTIC: [8] Undefined variable: current /www/web/qwadmin/App/Runtime/Cache/Qwadmin/3ec037c4eac547117970073708a020a7.php 第 6 行.
INFO: Run Behavior\ParseTemplateBehavior [ RunTime:0.006306s ]
INFO: [ view_parse ] --END-- [ RunTime:0.006346s ]
INFO: [ view_filter ] --START--
INFO: Run Behavior\WriteHtmlCacheBehavior [ RunTime:0.000139s ]
INFO: [ view_filter ] --END-- [ RunTime:0.000168s ]
INFO: [ app_end ] --START--
INFO: Run Behavior\ShowPageTraceBehavior [ RunTime:0.000392s ]
INFO: [ app_end ] --END-- [ RunTime:0.000451s ]

[ 2017-03-04T07:15:41+08:00 ] 162.158.59.235 /Qwadmin/login/index.html
INFO: [ app_init ] --START--
INFO: Run Behavior\BuildLiteBehavior [ RunTime:0.000011s ]
INFO: [ app_init ] --END-- [ RunTime:0.000279s ]
INFO: [ app_begin ] --START--
INFO: Run Behavior\ReadHtmlCacheBehavior [ RunTime:0.000371s ]
INFO: [ app_begin ] --END-- [ RunTime:0.000410s ]
NOTIC: [8] A session had already been started - ignoring session_start() /www/web/qwadmin/App/Qwadmin/Controller/ComController.class.php 第 112 行.
INFO: [ view_parse ] --START--
INFO: [ template_filter ] --START--
INFO: Run Behavior\ContentReplaceBehavior [ RunTime:0.000039s ]
INFO: [ template_filter ] --END-- [ RunTime:0.000073s ]
NOTIC: [8] Undefined variable: current /www/web/qwadmin/App/Runtime/Cache/Qwadmin/3ec037c4eac547117970073708a020a7.php 第 6 行.
INFO: Run Behavior\ParseTemplateBehavior [ RunTime:0.005391s ]
INFO: [ view_parse ] --END-- [ RunTime:0.005421s ]
INFO: [ view_filter ] --START--
INFO: Run Behavior\WriteHtmlCacheBehavior [ RunTime:0.000109s ]
INFO: [ view_filter ] --END-- [ RunTime:0.000137s ]
INFO: [ app_end ] --START--
INFO: Run Behavior\ShowPageTraceBehavior [ RunTime:0.000415s ]
INFO: [ app_end ] --END-- [ RunTime:0.000452s ]

[ 2017-03-04T07:42:42+08:00 ] 162.158.59.13 /Qwadmin/weather1
INFO: [ app_init ] --START--
INFO: Run Behavior\BuildLiteBehavior [ RunTime:0.000012s ]
INFO: [ app_init ] --END-- [ RunTime:0.000273s ]
INFO: [ app_begin ] --START--
INFO: Run Behavior\ReadHtmlCacheBehavior [ RunTime:0.000367s ]
INFO: [ app_begin ] --END-- [ RunTime:0.000405s ]
NOTIC: [8] A session had already been started - ignoring session_start() /www/web/qwadmin/App/Qwadmin/Controller/ComController.class.php 第 112 行.
SQL: SHOW COLUMNS FROM `qw_member` [ RunTime:0.0005s ]
SQL: SELECT * FROM `qw_member` WHERE `uid` = 1 LIMIT 1   [ RunTime:0.0001s ]
SQL: SELECT * FROM qw_auth_group g left join qw_auth_group_access a on g.id=a.group_id where a.uid=1 [ RunTime:0.0001s ]
SQL: SHOW COLUMNS FROM `qw_member` [ RunTime:0.0003s ]
SQL: SELECT * FROM `qw_member` WHERE `uid` = 1 LIMIT 1   [ RunTime:0.0001s ]
SQL: SELECT s.id,s.title,s.name,s.tips,s.pid,p.pid as ppid,p.title as ptitle FROM qw_auth_rule s left join qw_auth_rule p on p.id=s.pid where s.name='Weather1/index' [ RunTime:0.0001s ]
NOTIC: [8] Undefined offset: 0 /www/web/qwadmin/App/Qwadmin/Controller/ComController.class.php 第 61 行.
SQL: SHOW COLUMNS FROM `qw_auth_rule` [ RunTime:0.0004s ]
SQL: SELECT `id`,`title`,`pid`,`name`,`icon` FROM `qw_auth_rule` WHERE ( islink=1   ) ORDER BY o ASC  [ RunTime:0.0001s ]
NOTIC: [2] DOMDocument::loadHTML(): ID viewport already defined in Entity, line: 12 /www/web/qwadmin/ThinkPHP/Library/Vendor/phpQuery/phpQuery.php 第 328 行.
NOTIC: [2] DOMDocument::loadHTML(): Tag header invalid in Entity, line: 30 /www/web/qwadmin/ThinkPHP/Library/Vendor/phpQuery/phpQuery.php 第 328 行.
NOTIC: [2] DOMDocument::loadHTML(): htmlParseEntityRef: expecting ';' in Entity, line: 59 /www/web/qwadmin/ThinkPHP/Library/Vendor/phpQuery/phpQuery.php 第 328 行.
NOTIC: [2] DOMDocument::loadHTML(): htmlParseEntityRef: expecting ';' in Entity, line: 64 /www/web/qwadmin/ThinkPHP/Library/Vendor/phpQuery/phpQuery.php 第 328 行.
NOTIC: [2] DOMDocument::loadHTML(): htmlParseEntityRef: expecting ';' in Entity, line: 64 /www/web/qwadmin/ThinkPHP/Library/Vendor/phpQuery/phpQuery.php 第 328 行.
NOTIC: [2] DOMDocument::loadHTML(): htmlParseStartTag: invalid element name in Entity, line: 180 /www/web/qwadmin/ThinkPHP/Library/Vendor/phpQuery/phpQuery.php 第 328 行.
NOTIC: [2] DOMDocument::loadHTML(): htmlParseStartTag: invalid element name in Entity, line: 199 /www/web/qwadmin/ThinkPHP/Library/Vendor/phpQuery/phpQuery.php 第 328 行.
NOTIC: [2] DOMDocument::loadHTML(): htmlParseStartTag: invalid element name in Entity, line: 216 /www/web/qwadmin/ThinkPHP/Library/Vendor/phpQuery/phpQuery.php 第 328 行.
NOTIC: [2] DOMDocument::loadHTML(): htmlParseStartTag: invalid element name in Entity, line: 253 /www/web/qwadmin/ThinkPHP/Library/Vendor/phpQuery/phpQuery.php 第 328 行.
NOTIC: [2] DOMDocument::loadHTML(): htmlParseStartTag: invalid element name in Entity, line: 270 /www/web/qwadmin/ThinkPHP/Library/Vendor/phpQuery/phpQuery.php 第 328 行.
NOTIC: [2] DOMDocument::loadHTML(): htmlParseStartTag: invalid element name in Entity, line: 271 /www/web/qwadmin/ThinkPHP/Library/Vendor/phpQuery/phpQuery.php 第 328 行.
NOTIC: [2] DOMDocument::loadHTML(): htmlParseEntityRef: expecting ';' in Entity, line: 367 /www/web/qwadmin/ThinkPHP/Library/Vendor/phpQuery/phpQuery.php 第 328 行.
NOTIC: [2] DOMDocument::loadHTML(): htmlParseEntityRef: expecting ';' in Entity, line: 383 /www/web/qwadmin/ThinkPHP/Library/Vendor/phpQuery/phpQuery.php 第 328 行.
NOTIC: [2] DOMDocument::loadHTML(): htmlParseEntityRef: expecting ';' in Entity, line: 450 /www/web/qwadmin/ThinkPHP/Library/Vendor/phpQuery/phpQuery.php 第 328 行.
NOTIC: [2] DOMDocument::loadHTML(): htmlParseEntityRef: expecting ';' in Entity, line: 454 /www/web/qwadmin/ThinkPHP/Library/Vendor/phpQuery/phpQuery.php 第 328 行.
NOTIC: [2] DOMDocument::loadHTML(): htmlParseEntityRef: expecting ';' in Entity, line: 454 /www/web/qwadmin/ThinkPHP/Library/Vendor/phpQuery/phpQuery.php 第 328 行.
NOTIC: [2] DOMDocument::loadHTML(): htmlParseEntityRef: expecting ';' in Entity, line: 454 /www/web/qwadmin/ThinkPHP/Library/Vendor/phpQuery/phpQuery.php 第 328 行.
NOTIC: [2] DOMDocument::loadHTML(): htmlParseEntityRef: expecting ';' in Entity, line: 454 /www/web/qwadmin/ThinkPHP/Library/Vendor/phpQuery/phpQuery.php 第 328 行.
NOTIC: [2] DOMDocument::loadHTML(): Unexpected end tag : div in Entity, line: 456 /www/web/qwadmin/ThinkPHP/Library/Vendor/phpQuery/phpQuery.php 第 328 行.
NOTIC: [2] DOMDocument::loadHTML(): Tag footer invalid in Entity, line: 459 /www/web/qwadmin/ThinkPHP/Library/Vendor/phpQuery/phpQuery.php 第 328 行.
NOTIC: [2] DOMDocument::loadHTML(): htmlParseEntityRef: expecting ';' in Entity, line: 472 /www/web/qwadmin/ThinkPHP/Library/Vendor/phpQuery/phpQuery.php 第 328 行.
NOTIC: [2] DOMDocument::loadHTML(): htmlParseEntityRef: expecting ';' in Entity, line: 472 /www/web/qwadmin/ThinkPHP/Library/Vendor/phpQuery/phpQuery.php 第 328 行.
INFO: [ app_end ] --START--
INFO: Run Behavior\ShowPageTraceBehavior [ RunTime:0.000699s ]
INFO: [ app_end ] --END-- [ RunTime:0.000786s ]

[ 2017-03-04T07:42:44+08:00 ] 162.158.59.13 /Qwadmin/index/index.html
INFO: [ app_init ] --START--
INFO: Run Behavior\BuildLiteBehavior [ RunTime:0.000011s ]
INFO: [ app_init ] --END-- [ RunTime:0.000274s ]
INFO: [ app_begin ] --START--
INFO: Run Behavior\ReadHtmlCacheBehavior [ RunTime:0.000389s ]
INFO: [ app_begin ] --END-- [ RunTime:0.000427s ]
NOTIC: [8] A session had already been started - ignoring session_start() /www/web/qwadmin/App/Qwadmin/Controller/ComController.class.php 第 112 行.
SQL: SHOW COLUMNS FROM `qw_member` [ RunTime:0.0005s ]
SQL: SELECT * FROM `qw_member` WHERE `uid` = 1 LIMIT 1   [ RunTime:0.0001s ]
SQL: SELECT * FROM qw_auth_group g left join qw_auth_group_access a on g.id=a.group_id where a.uid=1 [ RunTime:0.0001s ]
SQL: SHOW COLUMNS FROM `qw_member` [ RunTime:0.0003s ]
SQL: SELECT * FROM `qw_member` WHERE `uid` = 1 LIMIT 1   [ RunTime:0.0001s ]
SQL: SELECT s.id,s.title,s.name,s.tips,s.pid,p.pid as ppid,p.title as ptitle FROM qw_auth_rule s left join qw_auth_rule p on p.id=s.pid where s.name='Index/index' [ RunTime:0.0001s ]
SQL: SHOW COLUMNS FROM `qw_auth_rule` [ RunTime:0.0004s ]
SQL: SELECT `id`,`title`,`pid`,`name`,`icon` FROM `qw_auth_rule` WHERE ( islink=1   ) ORDER BY o ASC  [ RunTime:0.0001s ]
SQL: select VERSION() as mysql [ RunTime:0.0001s ]
SQL: SHOW COLUMNS FROM `qw_log` [ RunTime:0.0003s ]
SQL: DELETE FROM `qw_log` WHERE ( t < 1483400564 ) [ RunTime:0.0001s ]
SQL: SELECT COUNT(*) AS tp_count FROM `qw_log` LIMIT 1   [ RunTime:0.0001s ]
SQL: SELECT * FROM `qw_log` ORDER BY id desc LIMIT 0,25   [ RunTime:0.0001s ]
INFO: [ view_parse ] --START--
INFO: [ template_filter ] --START--
INFO: Run Behavior\ContentReplaceBehavior [ RunTime:0.000099s ]
INFO: [ template_filter ] --END-- [ RunTime:0.000144s ]
INFO: Run Behavior\ParseTemplateBehavior [ RunTime:0.245684s ]
INFO: [ view_parse ] --END-- [ RunTime:0.245762s ]
INFO: [ view_filter ] --START--
INFO: Run Behavior\WriteHtmlCacheBehavior [ RunTime:0.000262s ]
INFO: [ view_filter ] --END-- [ RunTime:0.000296s ]
INFO: [ app_end ] --START--
INFO: Run Behavior\ShowPageTraceBehavior [ RunTime:0.000489s ]
INFO: [ app_end ] --END-- [ RunTime:0.000533s ]

[ 2017-03-04T07:42:48+08:00 ] 162.158.59.13 /Qwadmin/weather
INFO: [ app_init ] --START--
INFO: Run Behavior\BuildLiteBehavior [ RunTime:0.000012s ]
INFO: [ app_init ] --END-- [ RunTime:0.000251s ]
INFO: [ app_begin ] --START--
INFO: Run Behavior\ReadHtmlCacheBehavior [ RunTime:0.000371s ]
INFO: [ app_begin ] --END-- [ RunTime:0.000416s ]
NOTIC: [8] A session had already been started - ignoring session_start() /www/web/qwadmin/App/Qwadmin/Controller/ComController.class.php 第 112 行.
SQL: SHOW COLUMNS FROM `qw_member` [ RunTime:0.0005s ]
SQL: SELECT * FROM `qw_member` WHERE `uid` = 1 LIMIT 1   [ RunTime:0.0001s ]
SQL: SELECT * FROM qw_auth_group g left join qw_auth_group_access a on g.id=a.group_id where a.uid=1 [ RunTime:0.0001s ]
SQL: SHOW COLUMNS FROM `qw_member` [ RunTime:0.0004s ]
SQL: SELECT * FROM `qw_member` WHERE `uid` = 1 LIMIT 1   [ RunTime:0.0001s ]
SQL: SELECT s.id,s.title,s.name,s.tips,s.pid,p.pid as ppid,p.title as ptitle FROM qw_auth_rule s left join qw_auth_rule p on p.id=s.pid where s.name='Weather/index' [ RunTime:0.0001s ]
NOTIC: [8] Undefined offset: 0 /www/web/qwadmin/App/Qwadmin/Controller/ComController.class.php 第 61 行.
SQL: SHOW COLUMNS FROM `qw_auth_rule` [ RunTime:0.0003s ]
SQL: SELECT `id`,`title`,`pid`,`name`,`icon` FROM `qw_auth_rule` WHERE ( islink=1   ) ORDER BY o ASC  [ RunTime:0.0001s ]
INFO: [ app_end ] --START--
INFO: Run Behavior\ShowPageTraceBehavior [ RunTime:0.000609s ]
INFO: [ app_end ] --END-- [ RunTime:0.000695s ]

[ 2017-03-04T08:04:18+08:00 ] 162.158.59.13 /Qwadmin/weather1
INFO: [ app_init ] --START--
INFO: Run Behavior\BuildLiteBehavior [ RunTime:0.000011s ]
INFO: [ app_init ] --END-- [ RunTime:0.000268s ]
INFO: [ app_begin ] --START--
INFO: Run Behavior\ReadHtmlCacheBehavior [ RunTime:0.000351s ]
INFO: [ app_begin ] --END-- [ RunTime:0.000389s ]
NOTIC: [8] A session had already been started - ignoring session_start() /www/web/qwadmin/App/Qwadmin/Controller/ComController.class.php 第 112 行.
SQL: SHOW COLUMNS FROM `qw_member` [ RunTime:0.0005s ]
SQL: SELECT * FROM `qw_member` WHERE `uid` = 1 LIMIT 1   [ RunTime:0.0001s ]
SQL: SELECT * FROM qw_auth_group g left join qw_auth_group_access a on g.id=a.group_id where a.uid=1 [ RunTime:0.0001s ]
SQL: SHOW COLUMNS FROM `qw_member` [ RunTime:0.0003s ]
SQL: SELECT * FROM `qw_member` WHERE `uid` = 1 LIMIT 1   [ RunTime:0.0001s ]
SQL: SELECT s.id,s.title,s.name,s.tips,s.pid,p.pid as ppid,p.title as ptitle FROM qw_auth_rule s left join qw_auth_rule p on p.id=s.pid where s.name='Weather1/index' [ RunTime:0.0000s ]
NOTIC: [8] Undefined offset: 0 /www/web/qwadmin/App/Qwadmin/Controller/ComController.class.php 第 61 行.
SQL: SHOW COLUMNS FROM `qw_auth_rule` [ RunTime:0.0003s ]
SQL: SELECT `id`,`title`,`pid`,`name`,`icon` FROM `qw_auth_rule` WHERE ( islink=1   ) ORDER BY o ASC  [ RunTime:0.0001s ]
NOTIC: [2] DOMDocument::loadHTML(): ID viewport already defined in Entity, line: 12 /www/web/qwadmin/ThinkPHP/Library/Vendor/phpQuery/phpQuery.php 第 328 行.
NOTIC: [2] DOMDocument::loadHTML(): Tag header invalid in Entity, line: 30 /www/web/qwadmin/ThinkPHP/Library/Vendor/phpQuery/phpQuery.php 第 328 行.
NOTIC: [2] DOMDocument::loadHTML(): htmlParseEntityRef: expecting ';' in Entity, line: 59 /www/web/qwadmin/ThinkPHP/Library/Vendor/phpQuery/phpQuery.php 第 328 行.
NOTIC: [2] DOMDocument::loadHTML(): htmlParseEntityRef: expecting ';' in Entity, line: 64 /www/web/qwadmin/ThinkPHP/Library/Vendor/phpQuery/phpQuery.php 第 328 行.
NOTIC: [2] DOMDocument::loadHTML(): htmlParseEntityRef: expecting ';' in Entity, line: 64 /www/web/qwadmin/ThinkPHP/Library/Vendor/phpQuery/phpQuery.php 第 328 行.
NOTIC: [2] DOMDocument::loadHTML(): htmlParseStartTag: invalid element name in Entity, line: 180 /www/web/qwadmin/ThinkPHP/Library/Vendor/phpQuery/phpQuery.php 第 328 行.
NOTIC: [2] DOMDocument::loadHTML(): htmlParseStartTag: invalid element name in Entity, line: 199 /www/web/qwadmin/ThinkPHP/Library/Vendor/phpQuery/phpQuery.php 第 328 行.
NOTIC: [2] DOMDocument::loadHTML(): htmlParseStartTag: invalid element name in Entity, line: 216 /www/web/qwadmin/ThinkPHP/Library/Vendor/phpQuery/phpQuery.php 第 328 行.
NOTIC: [2] DOMDocument::loadHTML(): htmlParseStartTag: invalid element name in Entity, line: 253 /www/web/qwadmin/ThinkPHP/Library/Vendor/phpQuery/phpQuery.php 第 328 行.
NOTIC: [2] DOMDocument::loadHTML(): htmlParseStartTag: invalid element name in Entity, line: 270 /www/web/qwadmin/ThinkPHP/Library/Vendor/phpQuery/phpQuery.php 第 328 行.
NOTIC: [2] DOMDocument::loadHTML(): htmlParseStartTag: invalid element name in Entity, line: 271 /www/web/qwadmin/ThinkPHP/Library/Vendor/phpQuery/phpQuery.php 第 328 行.
NOTIC: [2] DOMDocument::loadHTML(): htmlParseEntityRef: expecting ';' in Entity, line: 367 /www/web/qwadmin/ThinkPHP/Library/Vendor/phpQuery/phpQuery.php 第 328 行.
NOTIC: [2] DOMDocument::loadHTML(): htmlParseEntityRef: expecting ';' in Entity, line: 383 /www/web/qwadmin/ThinkPHP/Library/Vendor/phpQuery/phpQuery.php 第 328 行.
NOTIC: [2] DOMDocument::loadHTML(): htmlParseEntityRef: expecting ';' in Entity, line: 450 /www/web/qwadmin/ThinkPHP/Library/Vendor/phpQuery/phpQuery.php 第 328 行.
NOTIC: [2] DOMDocument::loadHTML(): htmlParseEntityRef: expecting ';' in Entity, line: 454 /www/web/qwadmin/ThinkPHP/Library/Vendor/phpQuery/phpQuery.php 第 328 行.
NOTIC: [2] DOMDocument::loadHTML(): htmlParseEntityRef: expecting ';' in Entity, line: 454 /www/web/qwadmin/ThinkPHP/Library/Vendor/phpQuery/phpQuery.php 第 328 行.
NOTIC: [2] DOMDocument::loadHTML(): htmlParseEntityRef: expecting ';' in Entity, line: 454 /www/web/qwadmin/ThinkPHP/Library/Vendor/phpQuery/phpQuery.php 第 328 行.
NOTIC: [2] DOMDocument::loadHTML(): htmlParseEntityRef: expecting ';' in Entity, line: 454 /www/web/qwadmin/ThinkPHP/Library/Vendor/phpQuery/phpQuery.php 第 328 行.
NOTIC: [2] DOMDocument::loadHTML(): Unexpected end tag : div in Entity, line: 456 /www/web/qwadmin/ThinkPHP/Library/Vendor/phpQuery/phpQuery.php 第 328 行.
NOTIC: [2] DOMDocument::loadHTML(): Tag footer invalid in Entity, line: 459 /www/web/qwadmin/ThinkPHP/Library/Vendor/phpQuery/phpQuery.php 第 328 行.
NOTIC: [2] DOMDocument::loadHTML(): htmlParseEntityRef: expecting ';' in Entity, line: 472 /www/web/qwadmin/ThinkPHP/Library/Vendor/phpQuery/phpQuery.php 第 328 行.
NOTIC: [2] DOMDocument::loadHTML(): htmlParseEntityRef: expecting ';' in Entity, line: 472 /www/web/qwadmin/ThinkPHP/Library/Vendor/phpQuery/phpQuery.php 第 328 行.
INFO: [ app_end ] --START--
INFO: Run Behavior\ShowPageTraceBehavior [ RunTime:0.000528s ]
INFO: [ app_end ] --END-- [ RunTime:0.000582s ]

[ 2017-03-04T08:04:22+08:00 ] 162.158.59.13 /Qwadmin/index/index.html
INFO: [ app_init ] --START--
INFO: Run Behavior\BuildLiteBehavior [ RunTime:0.000016s ]
INFO: [ app_init ] --END-- [ RunTime:0.000278s ]
INFO: [ app_begin ] --START--
INFO: Run Behavior\ReadHtmlCacheBehavior [ RunTime:0.000351s ]
INFO: [ app_begin ] --END-- [ RunTime:0.000389s ]
NOTIC: [8] A session had already been started - ignoring session_start() /www/web/qwadmin/App/Qwadmin/Controller/ComController.class.php 第 112 行.
SQL: SHOW COLUMNS FROM `qw_member` [ RunTime:0.0006s ]
SQL: SELECT * FROM `qw_member` WHERE `uid` = 1 LIMIT 1   [ RunTime:0.0001s ]
SQL: SELECT * FROM qw_auth_group g left join qw_auth_group_access a on g.id=a.group_id where a.uid=1 [ RunTime:0.0001s ]
SQL: SHOW COLUMNS FROM `qw_member` [ RunTime:0.0003s ]
SQL: SELECT * FROM `qw_member` WHERE `uid` = 1 LIMIT 1   [ RunTime:0.0001s ]
SQL: SELECT s.id,s.title,s.name,s.tips,s.pid,p.pid as ppid,p.title as ptitle FROM qw_auth_rule s left join qw_auth_rule p on p.id=s.pid where s.name='Index/index' [ RunTime:0.0001s ]
SQL: SHOW COLUMNS FROM `qw_auth_rule` [ RunTime:0.0003s ]
SQL: SELECT `id`,`title`,`pid`,`name`,`icon` FROM `qw_auth_rule` WHERE ( islink=1   ) ORDER BY o ASC  [ RunTime:0.0001s ]
SQL: select VERSION() as mysql [ RunTime:0.0001s ]
SQL: SHOW COLUMNS FROM `qw_log` [ RunTime:0.0003s ]
SQL: DELETE FROM `qw_log` WHERE ( t < 1483401862 ) [ RunTime:0.0001s ]
SQL: SELECT COUNT(*) AS tp_count FROM `qw_log` LIMIT 1   [ RunTime:0.0000s ]
SQL: SELECT * FROM `qw_log` ORDER BY id desc LIMIT 0,25   [ RunTime:0.0001s ]
INFO: [ view_parse ] --START--
INFO: [ template_filter ] --START--
INFO: Run Behavior\ContentReplaceBehavior [ RunTime:0.000101s ]
INFO: [ template_filter ] --END-- [ RunTime:0.000140s ]
INFO: Run Behavior\ParseTemplateBehavior [ RunTime:0.244204s ]
INFO: [ view_parse ] --END-- [ RunTime:0.244264s ]
INFO: [ view_filter ] --START--
INFO: Run Behavior\WriteHtmlCacheBehavior [ RunTime:0.000264s ]
INFO: [ view_filter ] --END-- [ RunTime:0.000300s ]
INFO: [ app_end ] --START--
INFO: Run Behavior\ShowPageTraceBehavior [ RunTime:0.000403s ]
INFO: [ app_end ] --END-- [ RunTime:0.000444s ]

[ 2017-03-04T08:05:26+08:00 ] 162.158.59.13 /Qwadmin/index/index.html
INFO: [ app_init ] --START--
INFO: Run Behavior\BuildLiteBehavior [ RunTime:0.000012s ]
INFO: [ app_init ] --END-- [ RunTime:0.000311s ]
INFO: [ app_begin ] --START--
INFO: Run Behavior\ReadHtmlCacheBehavior [ RunTime:0.000366s ]
INFO: [ app_begin ] --END-- [ RunTime:0.000405s ]
NOTIC: [8] A session had already been started - ignoring session_start() /www/web/qwadmin/App/Qwadmin/Controller/ComController.class.php 第 112 行.
SQL: SHOW COLUMNS FROM `qw_member` [ RunTime:0.0005s ]
SQL: SELECT * FROM `qw_member` WHERE `uid` = 1 LIMIT 1   [ RunTime:0.0001s ]
SQL: SELECT * FROM qw_auth_group g left join qw_auth_group_access a on g.id=a.group_id where a.uid=1 [ RunTime:0.0001s ]
SQL: SHOW COLUMNS FROM `qw_member` [ RunTime:0.0004s ]
SQL: SELECT * FROM `qw_member` WHERE `uid` = 1 LIMIT 1   [ RunTime:0.0001s ]
SQL: SELECT s.id,s.title,s.name,s.tips,s.pid,p.pid as ppid,p.title as ptitle FROM qw_auth_rule s left join qw_auth_rule p on p.id=s.pid where s.name='Index/index' [ RunTime:0.0001s ]
SQL: SHOW COLUMNS FROM `qw_auth_rule` [ RunTime:0.0005s ]
SQL: SELECT `id`,`title`,`pid`,`name`,`icon` FROM `qw_auth_rule` WHERE ( islink=1   ) ORDER BY o ASC  [ RunTime:0.0001s ]
SQL: select VERSION() as mysql [ RunTime:0.0001s ]
SQL: SHOW COLUMNS FROM `qw_log` [ RunTime:0.0004s ]
SQL: DELETE FROM `qw_log` WHERE ( t < 1483401926 ) [ RunTime:0.0001s ]
SQL: SELECT COUNT(*) AS tp_count FROM `qw_log` LIMIT 1   [ RunTime:0.0001s ]
SQL: SELECT * FROM `qw_log` ORDER BY id desc LIMIT 0,25   [ RunTime:0.0001s ]
INFO: [ view_parse ] --START--
INFO: [ template_filter ] --START--
INFO: Run Behavior\ContentReplaceBehavior [ RunTime:0.000110s ]
INFO: [ template_filter ] --END-- [ RunTime:0.000170s ]
INFO: Run Behavior\ParseTemplateBehavior [ RunTime:0.241563s ]
INFO: [ view_parse ] --END-- [ RunTime:0.241631s ]
INFO: [ view_filter ] --START--
INFO: Run Behavior\WriteHtmlCacheBehavior [ RunTime:0.000293s ]
INFO: [ view_filter ] --END-- [ RunTime:0.000326s ]
INFO: [ app_end ] --START--
INFO: Run Behavior\ShowPageTraceBehavior [ RunTime:0.000475s ]
INFO: [ app_end ] --END-- [ RunTime:0.000517s ]

[ 2017-03-04T08:07:33+08:00 ] 162.158.59.13 /Qwadmin/index/index.html
INFO: [ app_init ] --START--
INFO: Run Behavior\BuildLiteBehavior [ RunTime:0.000011s ]
INFO: [ app_init ] --END-- [ RunTime:0.000249s ]
INFO: [ app_begin ] --START--
INFO: Run Behavior\ReadHtmlCacheBehavior [ RunTime:0.000334s ]
INFO: [ app_begin ] --END-- [ RunTime:0.000372s ]
NOTIC: [8] A session had already been started - ignoring session_start() /www/web/qwadmin/App/Qwadmin/Controller/ComController.class.php 第 112 行.
SQL: SHOW COLUMNS FROM `qw_member` [ RunTime:0.0005s ]
SQL: SELECT * FROM `qw_member` WHERE `uid` = 1 LIMIT 1   [ RunTime:0.0001s ]
SQL: SELECT * FROM qw_auth_group g left join qw_auth_group_access a on g.id=a.group_id where a.uid=1 [ RunTime:0.0001s ]
SQL: SHOW COLUMNS FROM `qw_member` [ RunTime:0.0004s ]
SQL: SELECT * FROM `qw_member` WHERE `uid` = 1 LIMIT 1   [ RunTime:0.0001s ]
SQL: SELECT s.id,s.title,s.name,s.tips,s.pid,p.pid as ppid,p.title as ptitle FROM qw_auth_rule s left join qw_auth_rule p on p.id=s.pid where s.name='Index/index' [ RunTime:0.0001s ]
SQL: SHOW COLUMNS FROM `qw_auth_rule` [ RunTime:0.0003s ]
SQL: SELECT `id`,`title`,`pid`,`name`,`icon` FROM `qw_auth_rule` WHERE ( islink=1   ) ORDER BY o ASC  [ RunTime:0.0001s ]
SQL: select VERSION() as mysql [ RunTime:0.0001s ]
SQL: SHOW COLUMNS FROM `qw_log` [ RunTime:0.0003s ]
SQL: DELETE FROM `qw_log` WHERE ( t < 1483402053 ) [ RunTime:0.0001s ]
SQL: SELECT COUNT(*) AS tp_count FROM `qw_log` LIMIT 1   [ RunTime:0.0000s ]
SQL: SELECT * FROM `qw_log` ORDER BY id desc LIMIT 0,25   [ RunTime:0.0001s ]
INFO: [ view_parse ] --START--
INFO: [ template_filter ] --START--
INFO: Run Behavior\ContentReplaceBehavior [ RunTime:0.000095s ]
INFO: [ template_filter ] --END-- [ RunTime:0.000133s ]
INFO: Run Behavior\ParseTemplateBehavior [ RunTime:0.250234s ]
INFO: [ view_parse ] --END-- [ RunTime:0.250320s ]
INFO: [ view_filter ] --START--
INFO: Run Behavior\WriteHtmlCacheBehavior [ RunTime:0.000256s ]
INFO: [ view_filter ] --END-- [ RunTime:0.000299s ]
INFO: [ app_end ] --START--
INFO: Run Behavior\ShowPageTraceBehavior [ RunTime:0.000465s ]
INFO: [ app_end ] --END-- [ RunTime:0.000509s ]

[ 2017-03-04T08:07:37+08:00 ] 162.158.59.13 /Qwadmin/weather
INFO: [ app_init ] --START--
INFO: Run Behavior\BuildLiteBehavior [ RunTime:0.000012s ]
INFO: [ app_init ] --END-- [ RunTime:0.000349s ]
INFO: [ app_begin ] --START--
INFO: Run Behavior\ReadHtmlCacheBehavior [ RunTime:0.000437s ]
INFO: [ app_begin ] --END-- [ RunTime:0.000473s ]
NOTIC: [8] A session had already been started - ignoring session_start() /www/web/qwadmin/App/Qwadmin/Controller/ComController.class.php 第 112 行.
SQL: SHOW COLUMNS FROM `qw_member` [ RunTime:0.0007s ]
SQL: SELECT * FROM `qw_member` WHERE `uid` = 1 LIMIT 1   [ RunTime:0.0001s ]
SQL: SELECT * FROM qw_auth_group g left join qw_auth_group_access a on g.id=a.group_id where a.uid=1 [ RunTime:0.0001s ]
SQL: SHOW COLUMNS FROM `qw_member` [ RunTime:0.0004s ]
SQL: SELECT * FROM `qw_member` WHERE `uid` = 1 LIMIT 1   [ RunTime:0.0001s ]
SQL: SELECT s.id,s.title,s.name,s.tips,s.pid,p.pid as ppid,p.title as ptitle FROM qw_auth_rule s left join qw_auth_rule p on p.id=s.pid where s.name='Weather/index' [ RunTime:0.0001s ]
NOTIC: [8] Undefined offset: 0 /www/web/qwadmin/App/Qwadmin/Controller/ComController.class.php 第 61 行.
SQL: SHOW COLUMNS FROM `qw_auth_rule` [ RunTime:0.0005s ]
SQL: SELECT `id`,`title`,`pid`,`name`,`icon` FROM `qw_auth_rule` WHERE ( islink=1   ) ORDER BY o ASC  [ RunTime:0.0001s ]
INFO: [ app_end ] --START--
INFO: Run Behavior\ShowPageTraceBehavior [ RunTime:0.000568s ]
INFO: [ app_end ] --END-- [ RunTime:0.000640s ]

[ 2017-03-04T08:07:42+08:00 ] 162.158.59.13 /Qwadmin/weather1
INFO: [ app_init ] --START--
INFO: Run Behavior\BuildLiteBehavior [ RunTime:0.000012s ]
INFO: [ app_init ] --END-- [ RunTime:0.000257s ]
INFO: [ app_begin ] --START--
INFO: Run Behavior\ReadHtmlCacheBehavior [ RunTime:0.000323s ]
INFO: [ app_begin ] --END-- [ RunTime:0.000359s ]
NOTIC: [8] A session had already been started - ignoring session_start() /www/web/qwadmin/App/Qwadmin/Controller/ComController.class.php 第 112 行.
SQL: SHOW COLUMNS FROM `qw_member` [ RunTime:0.0005s ]
SQL: SELECT * FROM `qw_member` WHERE `uid` = 1 LIMIT 1   [ RunTime:0.0001s ]
SQL: SELECT * FROM qw_auth_group g left join qw_auth_group_access a on g.id=a.group_id where a.uid=1 [ RunTime:0.0001s ]
SQL: SHOW COLUMNS FROM `qw_member` [ RunTime:0.0003s ]
SQL: SELECT * FROM `qw_member` WHERE `uid` = 1 LIMIT 1   [ RunTime:0.0001s ]
SQL: SELECT s.id,s.title,s.name,s.tips,s.pid,p.pid as ppid,p.title as ptitle FROM qw_auth_rule s left join qw_auth_rule p on p.id=s.pid where s.name='Weather1/index' [ RunTime:0.0000s ]
NOTIC: [8] Undefined offset: 0 /www/web/qwadmin/App/Qwadmin/Controller/ComController.class.php 第 61 行.
SQL: SHOW COLUMNS FROM `qw_auth_rule` [ RunTime:0.0003s ]
SQL: SELECT `id`,`title`,`pid`,`name`,`icon` FROM `qw_auth_rule` WHERE ( islink=1   ) ORDER BY o ASC  [ RunTime:0.0001s ]
NOTIC: [2] DOMDocument::loadHTML(): ID viewport already defined in Entity, line: 12 /www/web/qwadmin/ThinkPHP/Library/Vendor/phpQuery/phpQuery.php 第 328 行.
NOTIC: [2] DOMDocument::loadHTML(): Tag header invalid in Entity, line: 30 /www/web/qwadmin/ThinkPHP/Library/Vendor/phpQuery/phpQuery.php 第 328 行.
NOTIC: [2] DOMDocument::loadHTML(): htmlParseEntityRef: expecting ';' in Entity, line: 59 /www/web/qwadmin/ThinkPHP/Library/Vendor/phpQuery/phpQuery.php 第 328 行.
NOTIC: [2] DOMDocument::loadHTML(): htmlParseEntityRef: expecting ';' in Entity, line: 64 /www/web/qwadmin/ThinkPHP/Library/Vendor/phpQuery/phpQuery.php 第 328 行.
NOTIC: [2] DOMDocument::loadHTML(): htmlParseEntityRef: expecting ';' in Entity, line: 64 /www/web/qwadmin/ThinkPHP/Library/Vendor/phpQuery/phpQuery.php 第 328 行.
NOTIC: [2] DOMDocument::loadHTML(): htmlParseStartTag: invalid element name in Entity, line: 180 /www/web/qwadmin/ThinkPHP/Library/Vendor/phpQuery/phpQuery.php 第 328 行.
NOTIC: [2] DOMDocument::loadHTML(): htmlParseStartTag: invalid element name in Entity, line: 199 /www/web/qwadmin/ThinkPHP/Library/Vendor/phpQuery/phpQuery.php 第 328 行.
NOTIC: [2] DOMDocument::loadHTML(): htmlParseStartTag: invalid element name in Entity, line: 216 /www/web/qwadmin/ThinkPHP/Library/Vendor/phpQuery/phpQuery.php 第 328 行.
NOTIC: [2] DOMDocument::loadHTML(): htmlParseStartTag: invalid element name in Entity, line: 253 /www/web/qwadmin/ThinkPHP/Library/Vendor/phpQuery/phpQuery.php 第 328 行.
NOTIC: [2] DOMDocument::loadHTML(): htmlParseStartTag: invalid element name in Entity, line: 270 /www/web/qwadmin/ThinkPHP/Library/Vendor/phpQuery/phpQuery.php 第 328 行.
NOTIC: [2] DOMDocument::loadHTML(): htmlParseStartTag: invalid element name in Entity, line: 271 /www/web/qwadmin/ThinkPHP/Library/Vendor/phpQuery/phpQuery.php 第 328 行.
NOTIC: [2] DOMDocument::loadHTML(): htmlParseEntityRef: expecting ';' in Entity, line: 367 /www/web/qwadmin/ThinkPHP/Library/Vendor/phpQuery/phpQuery.php 第 328 行.
NOTIC: [2] DOMDocument::loadHTML(): htmlParseEntityRef: expecting ';' in Entity, line: 383 /www/web/qwadmin/ThinkPHP/Library/Vendor/phpQuery/phpQuery.php 第 328 行.
NOTIC: [2] DOMDocument::loadHTML(): htmlParseEntityRef: expecting ';' in Entity, line: 450 /www/web/qwadmin/ThinkPHP/Library/Vendor/phpQuery/phpQuery.php 第 328 行.
NOTIC: [2] DOMDocument::loadHTML(): htmlParseEntityRef: expecting ';' in Entity, line: 454 /www/web/qwadmin/ThinkPHP/Library/Vendor/phpQuery/phpQuery.php 第 328 行.
NOTIC: [2] DOMDocument::loadHTML(): htmlParseEntityRef: expecting ';' in Entity, line: 454 /www/web/qwadmin/ThinkPHP/Library/Vendor/phpQuery/phpQuery.php 第 328 行.
NOTIC: [2] DOMDocument::loadHTML(): htmlParseEntityRef: expecting ';' in Entity, line: 454 /www/web/qwadmin/ThinkPHP/Library/Vendor/phpQuery/phpQuery.php 第 328 行.
NOTIC: [2] DOMDocument::loadHTML(): htmlParseEntityRef: expecting ';' in Entity, line: 454 /www/web/qwadmin/ThinkPHP/Library/Vendor/phpQuery/phpQuery.php 第 328 行.
NOTIC: [2] DOMDocument::loadHTML(): Unexpected end tag : div in Entity, line: 456 /www/web/qwadmin/ThinkPHP/Library/Vendor/phpQuery/phpQuery.php 第 328 行.
NOTIC: [2] DOMDocument::loadHTML(): Tag footer invalid in Entity, line: 459 /www/web/qwadmin/ThinkPHP/Library/Vendor/phpQuery/phpQuery.php 第 328 行.
NOTIC: [2] DOMDocument::loadHTML(): htmlParseEntityRef: expecting ';' in Entity, line: 472 /www/web/qwadmin/ThinkPHP/Library/Vendor/phpQuery/phpQuery.php 第 328 行.
NOTIC: [2] DOMDocument::loadHTML(): htmlParseEntityRef: expecting ';' in Entity, line: 472 /www/web/qwadmin/ThinkPHP/Library/Vendor/phpQuery/phpQuery.php 第 328 行.
INFO: [ app_end ] --START--
INFO: Run Behavior\ShowPageTraceBehavior [ RunTime:0.000491s ]
INFO: [ app_end ] --END-- [ RunTime:0.000544s ]

[ 2017-03-04T08:07:46+08:00 ] 162.158.59.13 /Qwadmin/index/index.html
INFO: [ app_init ] --START--
INFO: Run Behavior\BuildLiteBehavior [ RunTime:0.000011s ]
INFO: [ app_init ] --END-- [ RunTime:0.000284s ]
INFO: [ app_begin ] --START--
INFO: Run Behavior\ReadHtmlCacheBehavior [ RunTime:0.000378s ]
INFO: [ app_begin ] --END-- [ RunTime:0.000421s ]
NOTIC: [8] A session had already been started - ignoring session_start() /www/web/qwadmin/App/Qwadmin/Controller/ComController.class.php 第 112 行.
SQL: SHOW COLUMNS FROM `qw_member` [ RunTime:0.0005s ]
SQL: SELECT * FROM `qw_member` WHERE `uid` = 1 LIMIT 1   [ RunTime:0.0001s ]
SQL: SELECT * FROM qw_auth_group g left join qw_auth_group_access a on g.id=a.group_id where a.uid=1 [ RunTime:0.0001s ]
SQL: SHOW COLUMNS FROM `qw_member` [ RunTime:0.0003s ]
SQL: SELECT * FROM `qw_member` WHERE `uid` = 1 LIMIT 1   [ RunTime:0.0001s ]
SQL: SELECT s.id,s.title,s.name,s.tips,s.pid,p.pid as ppid,p.title as ptitle FROM qw_auth_rule s left join qw_auth_rule p on p.id=s.pid where s.name='Index/index' [ RunTime:0.0001s ]
SQL: SHOW COLUMNS FROM `qw_auth_rule` [ RunTime:0.0003s ]
SQL: SELECT `id`,`title`,`pid`,`name`,`icon` FROM `qw_auth_rule` WHERE ( islink=1   ) ORDER BY o ASC  [ RunTime:0.0001s ]
SQL: select VERSION() as mysql [ RunTime:0.0001s ]
SQL: SHOW COLUMNS FROM `qw_log` [ RunTime:0.0003s ]
SQL: DELETE FROM `qw_log` WHERE ( t < 1483402066 ) [ RunTime:0.0001s ]
SQL: SELECT COUNT(*) AS tp_count FROM `qw_log` LIMIT 1   [ RunTime:0.0001s ]
SQL: SELECT * FROM `qw_log` ORDER BY id desc LIMIT 0,25   [ RunTime:0.0001s ]
INFO: [ view_parse ] --START--
INFO: [ template_filter ] --START--
INFO: Run Behavior\ContentReplaceBehavior [ RunTime:0.000097s ]
INFO: [ template_filter ] --END-- [ RunTime:0.000139s ]
INFO: Run Behavior\ParseTemplateBehavior [ RunTime:0.246733s ]
INFO: [ view_parse ] --END-- [ RunTime:0.246794s ]
INFO: [ view_filter ] --START--
INFO: Run Behavior\WriteHtmlCacheBehavior [ RunTime:0.000215s ]
INFO: [ view_filter ] --END-- [ RunTime:0.000246s ]
INFO: [ app_end ] --START--
INFO: Run Behavior\ShowPageTraceBehavior [ RunTime:0.000398s ]
INFO: [ app_end ] --END-- [ RunTime:0.000439s ]

[ 2017-03-04T08:07:49+08:00 ] 162.158.59.13 /Qwadmin/weather
INFO: [ app_init ] --START--
INFO: Run Behavior\BuildLiteBehavior [ RunTime:0.000011s ]
INFO: [ app_init ] --END-- [ RunTime:0.000288s ]
INFO: [ app_begin ] --START--
INFO: Run Behavior\ReadHtmlCacheBehavior [ RunTime:0.000361s ]
INFO: [ app_begin ] --END-- [ RunTime:0.000396s ]
NOTIC: [8] A session had already been started - ignoring session_start() /www/web/qwadmin/App/Qwadmin/Controller/ComController.class.php 第 112 行.
SQL: SHOW COLUMNS FROM `qw_member` [ RunTime:0.0005s ]
SQL: SELECT * FROM `qw_member` WHERE `uid` = 1 LIMIT 1   [ RunTime:0.0001s ]
SQL: SELECT * FROM qw_auth_group g left join qw_auth_group_access a on g.id=a.group_id where a.uid=1 [ RunTime:0.0001s ]
SQL: SHOW COLUMNS FROM `qw_member` [ RunTime:0.0004s ]
SQL: SELECT * FROM `qw_member` WHERE `uid` = 1 LIMIT 1   [ RunTime:0.0001s ]
SQL: SELECT s.id,s.title,s.name,s.tips,s.pid,p.pid as ppid,p.title as ptitle FROM qw_auth_rule s left join qw_auth_rule p on p.id=s.pid where s.name='Weather/index' [ RunTime:0.0001s ]
NOTIC: [8] Undefined offset: 0 /www/web/qwadmin/App/Qwadmin/Controller/ComController.class.php 第 61 行.
SQL: SHOW COLUMNS FROM `qw_auth_rule` [ RunTime:0.0003s ]
SQL: SELECT `id`,`title`,`pid`,`name`,`icon` FROM `qw_auth_rule` WHERE ( islink=1   ) ORDER BY o ASC  [ RunTime:0.0001s ]
INFO: [ app_end ] --START--
INFO: Run Behavior\ShowPageTraceBehavior [ RunTime:0.000693s ]
INFO: [ app_end ] --END-- [ RunTime:0.000786s ]

[ 2017-03-04T08:20:42+08:00 ] 162.158.59.13 /Qwadmin/index/index.html
INFO: [ app_init ] --START--
INFO: Run Behavior\BuildLiteBehavior [ RunTime:0.000016s ]
INFO: [ app_init ] --END-- [ RunTime:0.000363s ]
INFO: [ app_begin ] --START--
INFO: Run Behavior\ReadHtmlCacheBehavior [ RunTime:0.000398s ]
INFO: [ app_begin ] --END-- [ RunTime:0.000448s ]
NOTIC: [8] A session had already been started - ignoring session_start() /www/web/qwadmin/App/Qwadmin/Controller/ComController.class.php 第 112 行.
SQL: SHOW COLUMNS FROM `qw_member` [ RunTime:0.0006s ]
SQL: SELECT * FROM `qw_member` WHERE `uid` = 1 LIMIT 1   [ RunTime:0.0001s ]
SQL: SELECT * FROM qw_auth_group g left join qw_auth_group_access a on g.id=a.group_id where a.uid=1 [ RunTime:0.0001s ]
SQL: SHOW COLUMNS FROM `qw_member` [ RunTime:0.0004s ]
SQL: SELECT * FROM `qw_member` WHERE `uid` = 1 LIMIT 1   [ RunTime:0.0001s ]
SQL: SELECT s.id,s.title,s.name,s.tips,s.pid,p.pid as ppid,p.title as ptitle FROM qw_auth_rule s left join qw_auth_rule p on p.id=s.pid where s.name='Index/index' [ RunTime:0.0001s ]
SQL: SHOW COLUMNS FROM `qw_auth_rule` [ RunTime:0.0004s ]
SQL: SELECT `id`,`title`,`pid`,`name`,`icon` FROM `qw_auth_rule` WHERE ( islink=1   ) ORDER BY o ASC  [ RunTime:0.0001s ]
SQL: select VERSION() as mysql [ RunTime:0.0001s ]
SQL: SHOW COLUMNS FROM `qw_log` [ RunTime:0.0003s ]
SQL: DELETE FROM `qw_log` WHERE ( t < 1483402842 ) [ RunTime:0.0001s ]
SQL: SELECT COUNT(*) AS tp_count FROM `qw_log` LIMIT 1   [ RunTime:0.0001s ]
SQL: SELECT * FROM `qw_log` ORDER BY id desc LIMIT 0,25   [ RunTime:0.0001s ]
INFO: [ view_parse ] --START--
INFO: [ template_filter ] --START--
INFO: Run Behavior\ContentReplaceBehavior [ RunTime:0.000122s ]
INFO: [ template_filter ] --END-- [ RunTime:0.000174s ]
INFO: Run Behavior\ParseTemplateBehavior [ RunTime:0.246826s ]
INFO: [ view_parse ] --END-- [ RunTime:0.246921s ]
INFO: [ view_filter ] --START--
INFO: Run Behavior\WriteHtmlCacheBehavior [ RunTime:0.000245s ]
INFO: [ view_filter ] --END-- [ RunTime:0.000277s ]
INFO: [ app_end ] --START--
INFO: Run Behavior\ShowPageTraceBehavior [ RunTime:0.000498s ]
INFO: [ app_end ] --END-- [ RunTime:0.000541s ]

[ 2017-03-04T08:20:54+08:00 ] 162.158.59.13 /Qwadmin/weather1
INFO: [ app_init ] --START--
INFO: Run Behavior\BuildLiteBehavior [ RunTime:0.000011s ]
INFO: [ app_init ] --END-- [ RunTime:0.000254s ]
INFO: [ app_begin ] --START--
INFO: Run Behavior\ReadHtmlCacheBehavior [ RunTime:0.000391s ]
INFO: [ app_begin ] --END-- [ RunTime:0.000429s ]
NOTIC: [8] A session had already been started - ignoring session_start() /www/web/qwadmin/App/Qwadmin/Controller/ComController.class.php 第 112 行.
SQL: SHOW COLUMNS FROM `qw_member` [ RunTime:0.0005s ]
SQL: SELECT * FROM `qw_member` WHERE `uid` = 1 LIMIT 1   [ RunTime:0.0001s ]
SQL: SELECT * FROM qw_auth_group g left join qw_auth_group_access a on g.id=a.group_id where a.uid=1 [ RunTime:0.0001s ]
SQL: SHOW COLUMNS FROM `qw_member` [ RunTime:0.0003s ]
SQL: SELECT * FROM `qw_member` WHERE `uid` = 1 LIMIT 1   [ RunTime:0.0001s ]
SQL: SELECT s.id,s.title,s.name,s.tips,s.pid,p.pid as ppid,p.title as ptitle FROM qw_auth_rule s left join qw_auth_rule p on p.id=s.pid where s.name='Weather1/index' [ RunTime:0.0000s ]
NOTIC: [8] Undefined offset: 0 /www/web/qwadmin/App/Qwadmin/Controller/ComController.class.php 第 61 行.
SQL: SHOW COLUMNS FROM `qw_auth_rule` [ RunTime:0.0004s ]
SQL: SELECT `id`,`title`,`pid`,`name`,`icon` FROM `qw_auth_rule` WHERE ( islink=1   ) ORDER BY o ASC  [ RunTime:0.0001s ]
NOTIC: [2] DOMDocument::loadHTML(): ID viewport already defined in Entity, line: 12 /www/web/qwadmin/ThinkPHP/Library/Vendor/phpQuery/phpQuery.php 第 328 行.
NOTIC: [2] DOMDocument::loadHTML(): Tag header invalid in Entity, line: 30 /www/web/qwadmin/ThinkPHP/Library/Vendor/phpQuery/phpQuery.php 第 328 行.
NOTIC: [2] DOMDocument::loadHTML(): htmlParseEntityRef: expecting ';' in Entity, line: 59 /www/web/qwadmin/ThinkPHP/Library/Vendor/phpQuery/phpQuery.php 第 328 行.
NOTIC: [2] DOMDocument::loadHTML(): htmlParseEntityRef: expecting ';' in Entity, line: 64 /www/web/qwadmin/ThinkPHP/Library/Vendor/phpQuery/phpQuery.php 第 328 行.
NOTIC: [2] DOMDocument::loadHTML(): htmlParseEntityRef: expecting ';' in Entity, line: 64 /www/web/qwadmin/ThinkPHP/Library/Vendor/phpQuery/phpQuery.php 第 328 行.
NOTIC: [2] DOMDocument::loadHTML(): htmlParseStartTag: invalid element name in Entity, line: 180 /www/web/qwadmin/ThinkPHP/Library/Vendor/phpQuery/phpQuery.php 第 328 行.
NOTIC: [2] DOMDocument::loadHTML(): htmlParseStartTag: invalid element name in Entity, line: 199 /www/web/qwadmin/ThinkPHP/Library/Vendor/phpQuery/phpQuery.php 第 328 行.
NOTIC: [2] DOMDocument::loadHTML(): htmlParseStartTag: invalid element name in Entity, line: 216 /www/web/qwadmin/ThinkPHP/Library/Vendor/phpQuery/phpQuery.php 第 328 行.
NOTIC: [2] DOMDocument::loadHTML(): htmlParseStartTag: invalid element name in Entity, line: 253 /www/web/qwadmin/ThinkPHP/Library/Vendor/phpQuery/phpQuery.php 第 328 行.
NOTIC: [2] DOMDocument::loadHTML(): htmlParseStartTag: invalid element name in Entity, line: 270 /www/web/qwadmin/ThinkPHP/Library/Vendor/phpQuery/phpQuery.php 第 328 行.
NOTIC: [2] DOMDocument::loadHTML(): htmlParseStartTag: invalid element name in Entity, line: 271 /www/web/qwadmin/ThinkPHP/Library/Vendor/phpQuery/phpQuery.php 第 328 行.
NOTIC: [2] DOMDocument::loadHTML(): htmlParseEntityRef: expecting ';' in Entity, line: 367 /www/web/qwadmin/ThinkPHP/Library/Vendor/phpQuery/phpQuery.php 第 328 行.
NOTIC: [2] DOMDocument::loadHTML(): htmlParseEntityRef: expecting ';' in Entity, line: 383 /www/web/qwadmin/ThinkPHP/Library/Vendor/phpQuery/phpQuery.php 第 328 行.
NOTIC: [2] DOMDocument::loadHTML(): htmlParseEntityRef: expecting ';' in Entity, line: 450 /www/web/qwadmin/ThinkPHP/Library/Vendor/phpQuery/phpQuery.php 第 328 行.
NOTIC: [2] DOMDocument::loadHTML(): htmlParseEntityRef: expecting ';' in Entity, line: 454 /www/web/qwadmin/ThinkPHP/Library/Vendor/phpQuery/phpQuery.php 第 328 行.
NOTIC: [2] DOMDocument::loadHTML(): htmlParseEntityRef: expecting ';' in Entity, line: 454 /www/web/qwadmin/ThinkPHP/Library/Vendor/phpQuery/phpQuery.php 第 328 行.
NOTIC: [2] DOMDocument::loadHTML(): htmlParseEntityRef: expecting ';' in Entity, line: 454 /www/web/qwadmin/ThinkPHP/Library/Vendor/phpQuery/phpQuery.php 第 328 行.
NOTIC: [2] DOMDocument::loadHTML(): htmlParseEntityRef: expecting ';' in Entity, line: 454 /www/web/qwadmin/ThinkPHP/Library/Vendor/phpQuery/phpQuery.php 第 328 行.
NOTIC: [2] DOMDocument::loadHTML(): Unexpected end tag : div in Entity, line: 456 /www/web/qwadmin/ThinkPHP/Library/Vendor/phpQuery/phpQuery.php 第 328 行.
NOTIC: [2] DOMDocument::loadHTML(): Tag footer invalid in Entity, line: 459 /www/web/qwadmin/ThinkPHP/Library/Vendor/phpQuery/phpQuery.php 第 328 行.
NOTIC: [2] DOMDocument::loadHTML(): htmlParseEntityRef: expecting ';' in Entity, line: 472 /www/web/qwadmin/ThinkPHP/Library/Vendor/phpQuery/phpQuery.php 第 328 行.
NOTIC: [2] DOMDocument::loadHTML(): htmlParseEntityRef: expecting ';' in Entity, line: 472 /www/web/qwadmin/ThinkPHP/Library/Vendor/phpQuery/phpQuery.php 第 328 行.
INFO: [ app_end ] --START--
INFO: Run Behavior\ShowPageTraceBehavior [ RunTime:0.000498s ]
INFO: [ app_end ] --END-- [ RunTime:0.000554s ]

[ 2017-03-04T08:21:14+08:00 ] 162.158.59.13 /Qwadmin/index/index.html
INFO: [ app_init ] --START--
INFO: Run Behavior\BuildLiteBehavior [ RunTime:0.000015s ]
INFO: [ app_init ] --END-- [ RunTime:0.000290s ]
INFO: [ app_begin ] --START--
INFO: Run Behavior\ReadHtmlCacheBehavior [ RunTime:0.000320s ]
INFO: [ app_begin ] --END-- [ RunTime:0.000367s ]
NOTIC: [8] A session had already been started - ignoring session_start() /www/web/qwadmin/App/Qwadmin/Controller/ComController.class.php 第 112 行.
SQL: SHOW COLUMNS FROM `qw_member` [ RunTime:0.0005s ]
SQL: SELECT * FROM `qw_member` WHERE `uid` = 1 LIMIT 1   [ RunTime:0.0001s ]

[ 2017-03-04T08:21:14+08:00 ] 162.158.59.13 /Qwadmin/login/index.html
INFO: [ app_init ] --START--
INFO: Run Behavior\BuildLiteBehavior [ RunTime:0.000012s ]
INFO: [ app_init ] --END-- [ RunTime:0.000293s ]
INFO: [ app_begin ] --START--
INFO: Run Behavior\ReadHtmlCacheBehavior [ RunTime:0.000409s ]
INFO: [ app_begin ] --END-- [ RunTime:0.000448s ]
NOTIC: [8] A session had already been started - ignoring session_start() /www/web/qwadmin/App/Qwadmin/Controller/ComController.class.php 第 112 行.
SQL: SHOW COLUMNS FROM `qw_member` [ RunTime:0.0005s ]
SQL: SELECT * FROM `qw_member` WHERE `uid` = 1 LIMIT 1   [ RunTime:0.0001s ]
INFO: [ view_parse ] --START--
INFO: [ template_filter ] --START--
INFO: Run Behavior\ContentReplaceBehavior [ RunTime:0.000037s ]
INFO: [ template_filter ] --END-- [ RunTime:0.000073s ]
NOTIC: [8] Undefined variable: current /www/web/qwadmin/App/Runtime/Cache/Qwadmin/3ec037c4eac547117970073708a020a7.php 第 6 行.
INFO: Run Behavior\ParseTemplateBehavior [ RunTime:0.005773s ]
INFO: [ view_parse ] --END-- [ RunTime:0.005807s ]
INFO: [ view_filter ] --START--
INFO: Run Behavior\WriteHtmlCacheBehavior [ RunTime:0.000112s ]
INFO: [ view_filter ] --END-- [ RunTime:0.000140s ]
INFO: [ app_end ] --START--
INFO: Run Behavior\ShowPageTraceBehavior [ RunTime:0.000361s ]
INFO: [ app_end ] --END-- [ RunTime:0.000405s ]

[ 2017-03-04T08:21:16+08:00 ] 162.158.59.13 /Qwadmin/login/verify.html
INFO: [ app_init ] --START--
INFO: Run Behavior\BuildLiteBehavior [ RunTime:0.000011s ]
INFO: [ app_init ] --END-- [ RunTime:0.000262s ]
INFO: [ app_begin ] --START--
INFO: Run Behavior\ReadHtmlCacheBehavior [ RunTime:0.000353s ]
INFO: [ app_begin ] --END-- [ RunTime:0.000416s ]
INFO: [ app_end ] --START--
INFO: Run Behavior\ShowPageTraceBehavior [ RunTime:0.000460s ]
INFO: [ app_end ] --END-- [ RunTime:0.000503s ]

[ 2017-03-04T08:21:19+08:00 ] 162.158.59.13 /Qwadmin/weather
INFO: [ app_init ] --START--
INFO: Run Behavior\BuildLiteBehavior [ RunTime:0.000012s ]
INFO: [ app_init ] --END-- [ RunTime:0.000287s ]
INFO: [ app_begin ] --START--
INFO: Run Behavior\ReadHtmlCacheBehavior [ RunTime:0.000415s ]
INFO: [ app_begin ] --END-- [ RunTime:0.000449s ]
NOTIC: [8] A session had already been started - ignoring session_start() /www/web/qwadmin/App/Qwadmin/Controller/ComController.class.php 第 112 行.
SQL: SHOW COLUMNS FROM `qw_member` [ RunTime:0.0005s ]
SQL: SELECT * FROM `qw_member` WHERE `uid` = 1 LIMIT 1   [ RunTime:0.0001s ]
SQL: SELECT * FROM qw_auth_group g left join qw_auth_group_access a on g.id=a.group_id where a.uid=1 [ RunTime:0.0001s ]
SQL: SHOW COLUMNS FROM `qw_member` [ RunTime:0.0003s ]
SQL: SELECT * FROM `qw_member` WHERE `uid` = 1 LIMIT 1   [ RunTime:0.0001s ]
SQL: SELECT s.id,s.title,s.name,s.tips,s.pid,p.pid as ppid,p.title as ptitle FROM qw_auth_rule s left join qw_auth_rule p on p.id=s.pid where s.name='Weather/index' [ RunTime:0.0001s ]
NOTIC: [8] Undefined offset: 0 /www/web/qwadmin/App/Qwadmin/Controller/ComController.class.php 第 61 行.
SQL: SHOW COLUMNS FROM `qw_auth_rule` [ RunTime:0.0003s ]
SQL: SELECT `id`,`title`,`pid`,`name`,`icon` FROM `qw_auth_rule` WHERE ( islink=1   ) ORDER BY o ASC  [ RunTime:0.0001s ]
INFO: [ app_end ] --START--
INFO: Run Behavior\ShowPageTraceBehavior [ RunTime:0.000602s ]
INFO: [ app_end ] --END-- [ RunTime:0.000674s ]

[ 2017-03-04T08:21:19+08:00 ] 162.158.59.13 /Qwadmin/login/index.html
INFO: [ app_init ] --START--
INFO: Run Behavior\BuildLiteBehavior [ RunTime:0.000015s ]
INFO: [ app_init ] --END-- [ RunTime:0.000296s ]
INFO: [ app_begin ] --START--
INFO: Run Behavior\ReadHtmlCacheBehavior [ RunTime:0.000384s ]
INFO: [ app_begin ] --END-- [ RunTime:0.000431s ]
NOTIC: [8] A session had already been started - ignoring session_start() /www/web/qwadmin/App/Qwadmin/Controller/ComController.class.php 第 112 行.
SQL: SHOW COLUMNS FROM `qw_member` [ RunTime:0.0005s ]
SQL: SELECT * FROM `qw_member` WHERE `uid` = 1 LIMIT 1   [ RunTime:0.0001s ]
INFO: [ view_parse ] --START--
INFO: [ template_filter ] --START--
INFO: Run Behavior\ContentReplaceBehavior [ RunTime:0.000039s ]
INFO: [ template_filter ] --END-- [ RunTime:0.000079s ]
NOTIC: [8] Undefined variable: current /www/web/qwadmin/App/Runtime/Cache/Qwadmin/3ec037c4eac547117970073708a020a7.php 第 6 行.
INFO: Run Behavior\ParseTemplateBehavior [ RunTime:0.005536s ]
INFO: [ view_parse ] --END-- [ RunTime:0.005577s ]
INFO: [ view_filter ] --START--
INFO: Run Behavior\WriteHtmlCacheBehavior [ RunTime:0.000145s ]
INFO: [ view_filter ] --END-- [ RunTime:0.000182s ]
INFO: [ app_end ] --START--
INFO: Run Behavior\ShowPageTraceBehavior [ RunTime:0.000388s ]
INFO: [ app_end ] --END-- [ RunTime:0.000427s ]

[ 2017-03-04T08:21:21+08:00 ] 162.158.59.13 /Qwadmin/login/verify.html
INFO: [ app_init ] --START--
INFO: Run Behavior\BuildLiteBehavior [ RunTime:0.000011s ]
INFO: [ app_init ] --END-- [ RunTime:0.000287s ]
INFO: [ app_begin ] --START--
INFO: Run Behavior\ReadHtmlCacheBehavior [ RunTime:0.000352s ]
INFO: [ app_begin ] --END-- [ RunTime:0.000390s ]
INFO: [ app_end ] --START--
INFO: Run Behavior\ShowPageTraceBehavior [ RunTime:0.000397s ]
INFO: [ app_end ] --END-- [ RunTime:0.000447s ]

[ 2017-03-04T08:21:28+08:00 ] 162.158.59.13 /Qwadmin/login/login.html
INFO: [ app_init ] --START--
INFO: Run Behavior\BuildLiteBehavior [ RunTime:0.000011s ]
INFO: [ app_init ] --END-- [ RunTime:0.000249s ]
INFO: [ app_begin ] --START--
INFO: Run Behavior\ReadHtmlCacheBehavior [ RunTime:0.000310s ]
INFO: [ app_begin ] --END-- [ RunTime:0.000348s ]
SQL: SHOW COLUMNS FROM `qw_member` [ RunTime:0.0005s ]
SQL: SELECT `uid`,`user` FROM `qw_member` WHERE `user` = 'admin' AND `password` = '66d6a1c8748025462128dc75bf5ae8d1' LIMIT 1   [ RunTime:0.0001s ]
NOTIC: [8] A session had already been started - ignoring session_start() /www/web/qwadmin/App/Qwadmin/Controller/LoginController.class.php 第 51 行.
SQL: SHOW COLUMNS FROM `qw_log` [ RunTime:0.0003s ]
NOTIC: [8] A session had already been started - ignoring session_start() /www/web/qwadmin/App/Qwadmin/Common/function.php 第 12 行.
SQL: SHOW COLUMNS FROM `qw_member` [ RunTime:0.0003s ]
SQL: SELECT `user` FROM `qw_member` WHERE `uid` = 1 LIMIT 1   [ RunTime:0.0001s ]
SQL: INSERT INTO `qw_log` (`name`,`t`,`ip`,`log`) VALUES ('admin','1488586888','162.158.59.13','登录成功。') [ RunTime:0.0002s ]

[ 2017-03-04T08:21:29+08:00 ] 162.158.59.13 /Qwadmin/index/index.html
INFO: [ app_init ] --START--
INFO: Run Behavior\BuildLiteBehavior [ RunTime:0.000011s ]
INFO: [ app_init ] --END-- [ RunTime:0.000278s ]
INFO: [ app_begin ] --START--
INFO: Run Behavior\ReadHtmlCacheBehavior [ RunTime:0.000338s ]
INFO: [ app_begin ] --END-- [ RunTime:0.000377s ]
NOTIC: [8] A session had already been started - ignoring session_start() /www/web/qwadmin/App/Qwadmin/Controller/ComController.class.php 第 112 行.
SQL: SHOW COLUMNS FROM `qw_member` [ RunTime:0.0005s ]
SQL: SELECT * FROM `qw_member` WHERE `uid` = 1 LIMIT 1   [ RunTime:0.0001s ]
SQL: SELECT * FROM qw_auth_group g left join qw_auth_group_access a on g.id=a.group_id where a.uid=1 [ RunTime:0.0001s ]
SQL: SHOW COLUMNS FROM `qw_member` [ RunTime:0.0003s ]
SQL: SELECT * FROM `qw_member` WHERE `uid` = 1 LIMIT 1   [ RunTime:0.0001s ]
SQL: SELECT s.id,s.title,s.name,s.tips,s.pid,p.pid as ppid,p.title as ptitle FROM qw_auth_rule s left join qw_auth_rule p on p.id=s.pid where s.name='Index/index' [ RunTime:0.0001s ]
SQL: SHOW COLUMNS FROM `qw_auth_rule` [ RunTime:0.0003s ]
SQL: SELECT `id`,`title`,`pid`,`name`,`icon` FROM `qw_auth_rule` WHERE ( islink=1   ) ORDER BY o ASC  [ RunTime:0.0001s ]
SQL: select VERSION() as mysql [ RunTime:0.0001s ]
SQL: SHOW COLUMNS FROM `qw_log` [ RunTime:0.0003s ]
SQL: DELETE FROM `qw_log` WHERE ( t < 1483402889 ) [ RunTime:0.0001s ]
SQL: SELECT COUNT(*) AS tp_count FROM `qw_log` LIMIT 1   [ RunTime:0.0001s ]
SQL: SELECT * FROM `qw_log` ORDER BY id desc LIMIT 0,25   [ RunTime:0.0002s ]
INFO: [ view_parse ] --START--
INFO: [ template_filter ] --START--
INFO: Run Behavior\ContentReplaceBehavior [ RunTime:0.000099s ]
INFO: [ template_filter ] --END-- [ RunTime:0.000140s ]
INFO: Run Behavior\ParseTemplateBehavior [ RunTime:0.017946s ]
INFO: [ view_parse ] --END-- [ RunTime:0.017983s ]
INFO: [ view_filter ] --START--
INFO: Run Behavior\WriteHtmlCacheBehavior [ RunTime:0.000137s ]
INFO: [ view_filter ] --END-- [ RunTime:0.000175s ]
INFO: [ app_end ] --START--
INFO: Run Behavior\ShowPageTraceBehavior [ RunTime:0.000393s ]
INFO: [ app_end ] --END-- [ RunTime:0.000435s ]

[ 2017-03-04T08:22:06+08:00 ] 162.158.59.13 /Qwadmin/weather
INFO: [ app_init ] --START--
INFO: Run Behavior\BuildLiteBehavior [ RunTime:0.000011s ]
INFO: [ app_init ] --END-- [ RunTime:0.000252s ]
INFO: [ app_begin ] --START--
INFO: Run Behavior\ReadHtmlCacheBehavior [ RunTime:0.000432s ]
INFO: [ app_begin ] --END-- [ RunTime:0.000478s ]
NOTIC: [8] A session had already been started - ignoring session_start() /www/web/qwadmin/App/Qwadmin/Controller/ComController.class.php 第 112 行.
SQL: SHOW COLUMNS FROM `qw_member` [ RunTime:0.0005s ]
SQL: SELECT * FROM `qw_member` WHERE `uid` = 1 LIMIT 1   [ RunTime:0.0001s ]
SQL: SELECT * FROM qw_auth_group g left join qw_auth_group_access a on g.id=a.group_id where a.uid=1 [ RunTime:0.0001s ]
SQL: SHOW COLUMNS FROM `qw_member` [ RunTime:0.0003s ]
SQL: SELECT * FROM `qw_member` WHERE `uid` = 1 LIMIT 1   [ RunTime:0.0001s ]
SQL: SELECT s.id,s.title,s.name,s.tips,s.pid,p.pid as ppid,p.title as ptitle FROM qw_auth_rule s left join qw_auth_rule p on p.id=s.pid where s.name='Weather/index' [ RunTime:0.0001s ]
NOTIC: [8] Undefined offset: 0 /www/web/qwadmin/App/Qwadmin/Controller/ComController.class.php 第 61 行.
SQL: SHOW COLUMNS FROM `qw_auth_rule` [ RunTime:0.0003s ]
SQL: SELECT `id`,`title`,`pid`,`name`,`icon` FROM `qw_auth_rule` WHERE ( islink=1   ) ORDER BY o ASC  [ RunTime:0.0001s ]
INFO: [ app_end ] --START--
INFO: Run Behavior\ShowPageTraceBehavior [ RunTime:0.000510s ]
INFO: [ app_end ] --END-- [ RunTime:0.000590s ]

[ 2017-03-04T10:46:45+08:00 ] 172.68.141.247 /Qwadmin/login/index.html
INFO: [ app_init ] --START--
INFO: Run Behavior\BuildLiteBehavior [ RunTime:0.000020s ]
INFO: [ app_init ] --END-- [ RunTime:0.000304s ]
INFO: [ app_begin ] --START--
INFO: Run Behavior\ReadHtmlCacheBehavior [ RunTime:0.000377s ]
INFO: [ app_begin ] --END-- [ RunTime:0.000414s ]
NOTIC: [8] A session had already been started - ignoring session_start() /www/web/qwadmin/App/Qwadmin/Controller/ComController.class.php 第 112 行.
SQL: SHOW COLUMNS FROM `qw_member` [ RunTime:0.0006s ]
SQL: SELECT * FROM `qw_member` WHERE `uid` = 1 LIMIT 1   [ RunTime:0.0001s ]
INFO: [ view_parse ] --START--
INFO: [ template_filter ] --START--
INFO: Run Behavior\ContentReplaceBehavior [ RunTime:0.000057s ]
INFO: [ template_filter ] --END-- [ RunTime:0.000111s ]
NOTIC: [8] Undefined variable: current /www/web/qwadmin/App/Runtime/Cache/Qwadmin/3ec037c4eac547117970073708a020a7.php 第 6 行.
INFO: Run Behavior\ParseTemplateBehavior [ RunTime:0.005635s ]
INFO: [ view_parse ] --END-- [ RunTime:0.005666s ]
INFO: [ view_filter ] --START--
INFO: Run Behavior\WriteHtmlCacheBehavior [ RunTime:0.000123s ]
INFO: [ view_filter ] --END-- [ RunTime:0.000159s ]
INFO: [ app_end ] --START--
INFO: Run Behavior\ShowPageTraceBehavior [ RunTime:0.000361s ]
INFO: [ app_end ] --END-- [ RunTime:0.000396s ]

[ 2017-03-04T10:46:46+08:00 ] 172.68.141.247 /Qwadmin/login/verify.html
INFO: [ app_init ] --START--
INFO: Run Behavior\BuildLiteBehavior [ RunTime:0.000012s ]
INFO: [ app_init ] --END-- [ RunTime:0.000264s ]
INFO: [ app_begin ] --START--
INFO: Run Behavior\ReadHtmlCacheBehavior [ RunTime:0.000384s ]
INFO: [ app_begin ] --END-- [ RunTime:0.000421s ]
INFO: [ app_end ] --START--
INFO: Run Behavior\ShowPageTraceBehavior [ RunTime:0.000350s ]
INFO: [ app_end ] --END-- [ RunTime:0.000392s ]

[ 2017-03-04T10:46:52+08:00 ] 172.68.141.247 /Qwadmin/login/login.html
INFO: [ app_init ] --START--
INFO: Run Behavior\BuildLiteBehavior [ RunTime:0.000012s ]
INFO: [ app_init ] --END-- [ RunTime:0.000280s ]
INFO: [ app_begin ] --START--
INFO: Run Behavior\ReadHtmlCacheBehavior [ RunTime:0.000380s ]
INFO: [ app_begin ] --END-- [ RunTime:0.000421s ]
SQL: SHOW COLUMNS FROM `qw_member` [ RunTime:0.0005s ]
SQL: SELECT `uid`,`user` FROM `qw_member` WHERE `user` = 'admin' AND `password` = '66d6a1c8748025462128dc75bf5ae8d1' LIMIT 1   [ RunTime:0.0001s ]
NOTIC: [8] A session had already been started - ignoring session_start() /www/web/qwadmin/App/Qwadmin/Controller/LoginController.class.php 第 51 行.
SQL: SHOW COLUMNS FROM `qw_log` [ RunTime:0.0003s ]
NOTIC: [8] A session had already been started - ignoring session_start() /www/web/qwadmin/App/Qwadmin/Common/function.php 第 12 行.
SQL: SHOW COLUMNS FROM `qw_member` [ RunTime:0.0003s ]
SQL: SELECT `user` FROM `qw_member` WHERE `uid` = 1 LIMIT 1   [ RunTime:0.0001s ]
SQL: INSERT INTO `qw_log` (`name`,`t`,`ip`,`log`) VALUES ('admin','1488595612','172.68.141.247','登录成功。') [ RunTime:0.0002s ]

[ 2017-03-04T10:46:53+08:00 ] 172.68.141.247 /Qwadmin/index/index.html
INFO: [ app_init ] --START--
INFO: Run Behavior\BuildLiteBehavior [ RunTime:0.000011s ]
INFO: [ app_init ] --END-- [ RunTime:0.000296s ]
INFO: [ app_begin ] --START--
INFO: Run Behavior\ReadHtmlCacheBehavior [ RunTime:0.000387s ]
INFO: [ app_begin ] --END-- [ RunTime:0.000425s ]
NOTIC: [8] A session had already been started - ignoring session_start() /www/web/qwadmin/App/Qwadmin/Controller/ComController.class.php 第 112 行.
SQL: SHOW COLUMNS FROM `qw_member` [ RunTime:0.0006s ]
SQL: SELECT * FROM `qw_member` WHERE `uid` = 1 LIMIT 1   [ RunTime:0.0001s ]
SQL: SELECT * FROM qw_auth_group g left join qw_auth_group_access a on g.id=a.group_id where a.uid=1 [ RunTime:0.0001s ]
SQL: SHOW COLUMNS FROM `qw_member` [ RunTime:0.0003s ]
SQL: SELECT * FROM `qw_member` WHERE `uid` = 1 LIMIT 1   [ RunTime:0.0001s ]
SQL: SELECT s.id,s.title,s.name,s.tips,s.pid,p.pid as ppid,p.title as ptitle FROM qw_auth_rule s left join qw_auth_rule p on p.id=s.pid where s.name='Index/index' [ RunTime:0.0001s ]
SQL: SHOW COLUMNS FROM `qw_auth_rule` [ RunTime:0.0003s ]
SQL: SELECT `id`,`title`,`pid`,`name`,`icon` FROM `qw_auth_rule` WHERE ( islink=1   ) ORDER BY o ASC  [ RunTime:0.0001s ]
SQL: select VERSION() as mysql [ RunTime:0.0001s ]
SQL: SHOW COLUMNS FROM `qw_log` [ RunTime:0.0003s ]
SQL: DELETE FROM `qw_log` WHERE ( t < 1483411613 ) [ RunTime:0.0001s ]
SQL: SELECT COUNT(*) AS tp_count FROM `qw_log` LIMIT 1   [ RunTime:0.0001s ]
SQL: SELECT * FROM `qw_log` ORDER BY id desc LIMIT 0,25   [ RunTime:0.0002s ]
INFO: [ view_parse ] --START--
INFO: [ template_filter ] --START--
INFO: Run Behavior\ContentReplaceBehavior [ RunTime:0.000100s ]
INFO: [ template_filter ] --END-- [ RunTime:0.000144s ]
INFO: Run Behavior\ParseTemplateBehavior [ RunTime:0.247696s ]
INFO: [ view_parse ] --END-- [ RunTime:0.247758s ]
INFO: [ view_filter ] --START--
INFO: Run Behavior\WriteHtmlCacheBehavior [ RunTime:0.000292s ]
INFO: [ view_filter ] --END-- [ RunTime:0.000343s ]
INFO: [ app_end ] --START--
INFO: Run Behavior\ShowPageTraceBehavior [ RunTime:0.000519s ]
INFO: [ app_end ] --END-- [ RunTime:0.000561s ]

[ 2017-03-04T10:46:54+08:00 ] 172.68.141.247 /Qwadmin/weather
INFO: [ app_init ] --START--
INFO: Run Behavior\BuildLiteBehavior [ RunTime:0.000013s ]
INFO: [ app_init ] --END-- [ RunTime:0.000260s ]
INFO: [ app_begin ] --START--
INFO: Run Behavior\ReadHtmlCacheBehavior [ RunTime:0.000322s ]
INFO: [ app_begin ] --END-- [ RunTime:0.000357s ]
NOTIC: [8] A session had already been started - ignoring session_start() /www/web/qwadmin/App/Qwadmin/Controller/ComController.class.php 第 112 行.
SQL: SHOW COLUMNS FROM `qw_member` [ RunTime:0.0005s ]
SQL: SELECT * FROM `qw_member` WHERE `uid` = 1 LIMIT 1   [ RunTime:0.0001s ]
SQL: SELECT * FROM qw_auth_group g left join qw_auth_group_access a on g.id=a.group_id where a.uid=1 [ RunTime:0.0001s ]
SQL: SHOW COLUMNS FROM `qw_member` [ RunTime:0.0004s ]
SQL: SELECT * FROM `qw_member` WHERE `uid` = 1 LIMIT 1   [ RunTime:0.0001s ]
SQL: SELECT s.id,s.title,s.name,s.tips,s.pid,p.pid as ppid,p.title as ptitle FROM qw_auth_rule s left join qw_auth_rule p on p.id=s.pid where s.name='Weather/index' [ RunTime:0.0001s ]
NOTIC: [8] Undefined offset: 0 /www/web/qwadmin/App/Qwadmin/Controller/ComController.class.php 第 61 行.
SQL: SHOW COLUMNS FROM `qw_auth_rule` [ RunTime:0.0003s ]
SQL: SELECT `id`,`title`,`pid`,`name`,`icon` FROM `qw_auth_rule` WHERE ( islink=1   ) ORDER BY o ASC  [ RunTime:0.0001s ]
INFO: [ app_end ] --START--
INFO: Run Behavior\ShowPageTraceBehavior [ RunTime:0.000619s ]
INFO: [ app_end ] --END-- [ RunTime:0.000708s ]

[ 2017-03-04T10:47:01+08:00 ] 172.68.141.247 /Qwadmin/weather1
INFO: [ app_init ] --START--
INFO: Run Behavior\BuildLiteBehavior [ RunTime:0.000012s ]
INFO: [ app_init ] --END-- [ RunTime:0.000288s ]
INFO: [ app_begin ] --START--
INFO: Run Behavior\ReadHtmlCacheBehavior [ RunTime:0.000356s ]
INFO: [ app_begin ] --END-- [ RunTime:0.000410s ]
NOTIC: [8] A session had already been started - ignoring session_start() /www/web/qwadmin/App/Qwadmin/Controller/ComController.class.php 第 112 行.
SQL: SHOW COLUMNS FROM `qw_member` [ RunTime:0.0005s ]
SQL: SELECT * FROM `qw_member` WHERE `uid` = 1 LIMIT 1   [ RunTime:0.0001s ]
SQL: SELECT * FROM qw_auth_group g left join qw_auth_group_access a on g.id=a.group_id where a.uid=1 [ RunTime:0.0001s ]
SQL: SHOW COLUMNS FROM `qw_member` [ RunTime:0.0003s ]
SQL: SELECT * FROM `qw_member` WHERE `uid` = 1 LIMIT 1   [ RunTime:0.0001s ]
SQL: SELECT s.id,s.title,s.name,s.tips,s.pid,p.pid as ppid,p.title as ptitle FROM qw_auth_rule s left join qw_auth_rule p on p.id=s.pid where s.name='Weather1/index' [ RunTime:0.0001s ]
NOTIC: [8] Undefined offset: 0 /www/web/qwadmin/App/Qwadmin/Controller/ComController.class.php 第 61 行.
SQL: SHOW COLUMNS FROM `qw_auth_rule` [ RunTime:0.0003s ]
SQL: SELECT `id`,`title`,`pid`,`name`,`icon` FROM `qw_auth_rule` WHERE ( islink=1   ) ORDER BY o ASC  [ RunTime:0.0001s ]
NOTIC: [2] DOMDocument::loadHTML(): ID viewport already defined in Entity, line: 12 /www/web/qwadmin/ThinkPHP/Library/Vendor/phpQuery/phpQuery.php 第 328 行.
NOTIC: [2] DOMDocument::loadHTML(): Tag header invalid in Entity, line: 30 /www/web/qwadmin/ThinkPHP/Library/Vendor/phpQuery/phpQuery.php 第 328 行.
NOTIC: [2] DOMDocument::loadHTML(): htmlParseEntityRef: expecting ';' in Entity, line: 59 /www/web/qwadmin/ThinkPHP/Library/Vendor/phpQuery/phpQuery.php 第 328 行.
NOTIC: [2] DOMDocument::loadHTML(): htmlParseEntityRef: expecting ';' in Entity, line: 64 /www/web/qwadmin/ThinkPHP/Library/Vendor/phpQuery/phpQuery.php 第 328 行.
NOTIC: [2] DOMDocument::loadHTML(): htmlParseEntityRef: expecting ';' in Entity, line: 64 /www/web/qwadmin/ThinkPHP/Library/Vendor/phpQuery/phpQuery.php 第 328 行.
NOTIC: [2] DOMDocument::loadHTML(): htmlParseStartTag: invalid element name in Entity, line: 180 /www/web/qwadmin/ThinkPHP/Library/Vendor/phpQuery/phpQuery.php 第 328 行.
NOTIC: [2] DOMDocument::loadHTML(): htmlParseStartTag: invalid element name in Entity, line: 199 /www/web/qwadmin/ThinkPHP/Library/Vendor/phpQuery/phpQuery.php 第 328 行.
NOTIC: [2] DOMDocument::loadHTML(): htmlParseStartTag: invalid element name in Entity, line: 216 /www/web/qwadmin/ThinkPHP/Library/Vendor/phpQuery/phpQuery.php 第 328 行.
NOTIC: [2] DOMDocument::loadHTML(): htmlParseStartTag: invalid element name in Entity, line: 253 /www/web/qwadmin/ThinkPHP/Library/Vendor/phpQuery/phpQuery.php 第 328 行.
NOTIC: [2] DOMDocument::loadHTML(): htmlParseStartTag: invalid element name in Entity, line: 270 /www/web/qwadmin/ThinkPHP/Library/Vendor/phpQuery/phpQuery.php 第 328 行.
NOTIC: [2] DOMDocument::loadHTML(): htmlParseStartTag: invalid element name in Entity, line: 271 /www/web/qwadmin/ThinkPHP/Library/Vendor/phpQuery/phpQuery.php 第 328 行.
NOTIC: [2] DOMDocument::loadHTML(): htmlParseStartTag: invalid element name in Entity, line: 288 /www/web/qwadmin/ThinkPHP/Library/Vendor/phpQuery/phpQuery.php 第 328 行.
NOTIC: [2] DOMDocument::loadHTML(): htmlParseEntityRef: expecting ';' in Entity, line: 367 /www/web/qwadmin/ThinkPHP/Library/Vendor/phpQuery/phpQuery.php 第 328 行.
NOTIC: [2] DOMDocument::loadHTML(): htmlParseEntityRef: expecting ';' in Entity, line: 383 /www/web/qwadmin/ThinkPHP/Library/Vendor/phpQuery/phpQuery.php 第 328 行.
NOTIC: [2] DOMDocument::loadHTML(): htmlParseEntityRef: expecting ';' in Entity, line: 450 /www/web/qwadmin/ThinkPHP/Library/Vendor/phpQuery/phpQuery.php 第 328 行.
NOTIC: [2] DOMDocument::loadHTML(): htmlParseEntityRef: expecting ';' in Entity, line: 454 /www/web/qwadmin/ThinkPHP/Library/Vendor/phpQuery/phpQuery.php 第 328 行.
NOTIC: [2] DOMDocument::loadHTML(): htmlParseEntityRef: expecting ';' in Entity, line: 454 /www/web/qwadmin/ThinkPHP/Library/Vendor/phpQuery/phpQuery.php 第 328 行.
NOTIC: [2] DOMDocument::loadHTML(): htmlParseEntityRef: expecting ';' in Entity, line: 454 /www/web/qwadmin/ThinkPHP/Library/Vendor/phpQuery/phpQuery.php 第 328 行.
NOTIC: [2] DOMDocument::loadHTML(): htmlParseEntityRef: expecting ';' in Entity, line: 454 /www/web/qwadmin/ThinkPHP/Library/Vendor/phpQuery/phpQuery.php 第 328 行.
NOTIC: [2] DOMDocument::loadHTML(): Unexpected end tag : div in Entity, line: 456 /www/web/qwadmin/ThinkPHP/Library/Vendor/phpQuery/phpQuery.php 第 328 行.
NOTIC: [2] DOMDocument::loadHTML(): Tag footer invalid in Entity, line: 459 /www/web/qwadmin/ThinkPHP/Library/Vendor/phpQuery/phpQuery.php 第 328 行.
NOTIC: [2] DOMDocument::loadHTML(): htmlParseEntityRef: expecting ';' in Entity, line: 472 /www/web/qwadmin/ThinkPHP/Library/Vendor/phpQuery/phpQuery.php 第 328 行.
NOTIC: [2] DOMDocument::loadHTML(): htmlParseEntityRef: expecting ';' in Entity, line: 472 /www/web/qwadmin/ThinkPHP/Library/Vendor/phpQuery/phpQuery.php 第 328 行.
INFO: [ app_end ] --START--
INFO: Run Behavior\ShowPageTraceBehavior [ RunTime:0.000530s ]
INFO: [ app_end ] --END-- [ RunTime:0.000580s ]

[ 2017-03-04T10:47:05+08:00 ] 172.68.141.247 /Qwadmin/index/index.html
INFO: [ app_init ] --START--
INFO: Run Behavior\BuildLiteBehavior [ RunTime:0.000011s ]
INFO: [ app_init ] --END-- [ RunTime:0.000257s ]
INFO: [ app_begin ] --START--
INFO: Run Behavior\ReadHtmlCacheBehavior [ RunTime:0.000359s ]
INFO: [ app_begin ] --END-- [ RunTime:0.000447s ]
NOTIC: [8] A session had already been started - ignoring session_start() /www/web/qwadmin/App/Qwadmin/Controller/ComController.class.php 第 112 行.
SQL: SHOW COLUMNS FROM `qw_member` [ RunTime:0.0005s ]
SQL: SELECT * FROM `qw_member` WHERE `uid` = 1 LIMIT 1   [ RunTime:0.0001s ]
SQL: SELECT * FROM qw_auth_group g left join qw_auth_group_access a on g.id=a.group_id where a.uid=1 [ RunTime:0.0001s ]
SQL: SHOW COLUMNS FROM `qw_member` [ RunTime:0.0004s ]
SQL: SELECT * FROM `qw_member` WHERE `uid` = 1 LIMIT 1   [ RunTime:0.0001s ]
SQL: SELECT s.id,s.title,s.name,s.tips,s.pid,p.pid as ppid,p.title as ptitle FROM qw_auth_rule s left join qw_auth_rule p on p.id=s.pid where s.name='Index/index' [ RunTime:0.0001s ]
SQL: SHOW COLUMNS FROM `qw_auth_rule` [ RunTime:0.0003s ]
SQL: SELECT `id`,`title`,`pid`,`name`,`icon` FROM `qw_auth_rule` WHERE ( islink=1   ) ORDER BY o ASC  [ RunTime:0.0001s ]
SQL: select VERSION() as mysql [ RunTime:0.0001s ]
SQL: SHOW COLUMNS FROM `qw_log` [ RunTime:0.0003s ]
SQL: DELETE FROM `qw_log` WHERE ( t < 1483411625 ) [ RunTime:0.0001s ]
SQL: SELECT COUNT(*) AS tp_count FROM `qw_log` LIMIT 1   [ RunTime:0.0001s ]
SQL: SELECT * FROM `qw_log` ORDER BY id desc LIMIT 0,25   [ RunTime:0.0001s ]
INFO: [ view_parse ] --START--
INFO: [ template_filter ] --START--
INFO: Run Behavior\ContentReplaceBehavior [ RunTime:0.000112s ]
INFO: [ template_filter ] --END-- [ RunTime:0.000169s ]
INFO: Run Behavior\ParseTemplateBehavior [ RunTime:0.256591s ]
INFO: [ view_parse ] --END-- [ RunTime:0.256671s ]
INFO: [ view_filter ] --START--
INFO: Run Behavior\WriteHtmlCacheBehavior [ RunTime:0.000252s ]
INFO: [ view_filter ] --END-- [ RunTime:0.000289s ]
INFO: [ app_end ] --START--
INFO: Run Behavior\ShowPageTraceBehavior [ RunTime:0.000424s ]
INFO: [ app_end ] --END-- [ RunTime:0.000466s ]

[ 2017-03-04T10:47:09+08:00 ] 172.68.141.247 /Qwadmin/weather
INFO: [ app_init ] --START--
INFO: Run Behavior\BuildLiteBehavior [ RunTime:0.000017s ]
INFO: [ app_init ] --END-- [ RunTime:0.000323s ]
INFO: [ app_begin ] --START--
INFO: Run Behavior\ReadHtmlCacheBehavior [ RunTime:0.000499s ]
INFO: [ app_begin ] --END-- [ RunTime:0.000535s ]
NOTIC: [8] A session had already been started - ignoring session_start() /www/web/qwadmin/App/Qwadmin/Controller/ComController.class.php 第 112 行.
SQL: SHOW COLUMNS FROM `qw_member` [ RunTime:0.0005s ]
SQL: SELECT * FROM `qw_member` WHERE `uid` = 1 LIMIT 1   [ RunTime:0.0001s ]
SQL: SELECT * FROM qw_auth_group g left join qw_auth_group_access a on g.id=a.group_id where a.uid=1 [ RunTime:0.0001s ]
SQL: SHOW COLUMNS FROM `qw_member` [ RunTime:0.0003s ]
SQL: SELECT * FROM `qw_member` WHERE `uid` = 1 LIMIT 1   [ RunTime:0.0001s ]
SQL: SELECT s.id,s.title,s.name,s.tips,s.pid,p.pid as ppid,p.title as ptitle FROM qw_auth_rule s left join qw_auth_rule p on p.id=s.pid where s.name='Weather/index' [ RunTime:0.0001s ]
NOTIC: [8] Undefined offset: 0 /www/web/qwadmin/App/Qwadmin/Controller/ComController.class.php 第 61 行.
SQL: SHOW COLUMNS FROM `qw_auth_rule` [ RunTime:0.0003s ]
SQL: SELECT `id`,`title`,`pid`,`name`,`icon` FROM `qw_auth_rule` WHERE ( islink=1   ) ORDER BY o ASC  [ RunTime:0.0001s ]
INFO: [ app_end ] --START--
INFO: Run Behavior\ShowPageTraceBehavior [ RunTime:0.000506s ]
INFO: [ app_end ] --END-- [ RunTime:0.000578s ]

